{"level":"info","time":"2019-07-03T13:30:27.631+0800","caller":"/works/git/zebus/src/pkg/logging/logging.go:78","msg":"log 初始化成功"}
{"level":"info","time":"2019-07-03T13:30:27.631+0800","caller":"/works/git/zebus/src/schedule.go:19","msg":"开始启动调度"}
{"level":"info","time":"2019-07-03T13:30:27.631+0800","caller":"/works/git/zebus/src/schedule.go:27","msg":"正在配置etcd"}
{"level":"info","time":"2019-07-03T13:30:27.636+0800","caller":"/works/git/zebus/src/WorkerMgr.go:52","msg":"info workermgr success"}
{"level":"info","time":"2019-07-03T13:30:27.641+0800","caller":"/works/git/zebus/src/schedule.go:38","msg":"启动etcd WorkerMgr 成功"}
{"level":"info","time":"2019-07-03T13:30:27.641+0800","caller":"/works/git/zebus/src/schedule.go:49","msg":"启动 websocket server:192.168.20.27:8181"}
{"level":"info","time":"2019-07-03T13:32:23.751+0800","caller":"/works/git/zebus/src/pkg/logging/logging.go:78","msg":"log 初始化成功"}
{"level":"info","time":"2019-07-03T13:32:23.751+0800","caller":"/works/git/zebus/src/schedule.go:19","msg":"开始启动调度"}
{"level":"info","time":"2019-07-03T13:32:23.751+0800","caller":"/works/git/zebus/src/schedule.go:27","msg":"正在配置etcd"}
{"level":"info","time":"2019-07-03T13:32:23.758+0800","caller":"/works/git/zebus/src/WorkerMgr.go:52","msg":"info workermgr success"}
{"level":"info","time":"2019-07-03T13:32:23.766+0800","caller":"/works/git/zebus/src/schedule.go:38","msg":"启动etcd WorkerMgr 成功"}
{"level":"info","time":"2019-07-03T13:32:23.766+0800","caller":"/works/git/zebus/src/schedule.go:49","msg":"启动 websocket server:192.168.20.27:8181"}
{"level":"info","time":"2019-07-03T13:47:38.855+0800","caller":"/works/git/zebus/src/pkg/logging/logging.go:78","msg":"log 初始化成功"}
{"level":"info","time":"2019-07-03T13:47:38.855+0800","caller":"/works/git/zebus/src/schedule.go:19","msg":"开始启动调度"}
{"level":"info","time":"2019-07-03T13:47:38.855+0800","caller":"/works/git/zebus/src/schedule.go:27","msg":"正在配置etcd"}
{"level":"info","time":"2019-07-03T13:47:38.868+0800","caller":"/works/git/zebus/src/WorkerMgr.go:52","msg":"info workermgr success"}
{"level":"info","time":"2019-07-03T13:47:38.877+0800","caller":"/works/git/zebus/src/schedule.go:38","msg":"启动etcd WorkerMgr 成功"}
{"level":"info","time":"2019-07-03T13:47:38.877+0800","caller":"/works/git/zebus/src/schedule.go:49","msg":"启动 websocket server:192.168.20.66:8181"}
{"level":"error","time":"2019-07-03T13:47:45.972+0800","caller":"/works/git/zebus/src/client.go:244","msg":"接收失败:read tcp 192.168.20.66:8181->192.168.20.66:46418: use of closed network connection","stacktrace":"main.(*Client).readPump\n\t/works/git/zebus/src/client.go:244"}
{"level":"info","time":"2019-07-03T13:47:45.972+0800","caller":"/works/git/zebus/src/hub.go:170","msg":"unregister "}
{"level":"info","time":"2019-07-03T13:47:59.838+0800","caller":"/works/git/zebus/src/client.go:247","msg":"{\n    \"messageType\": \"RegisterToDaemon\",\n    \"SocketName\": \"/test\",\n    \"SocketType\": \"Controller\"\n}","type":"message"}
{"level":"info","time":"2019-07-03T13:47:59.838+0800","caller":"/works/git/zebus/src/WorkerMgr.go:89","msg":"new daemon client up,up topic:/zebus//test"}
{"level":"info","time":"2019-07-03T13:47:59.872+0800","caller":"/works/git/zebus/src/hub.go:166","msg":"register:test"}
{"level":"info","time":"2019-07-03T13:48:07.119+0800","caller":"/works/git/zebus/src/client.go:247","msg":"{\n\"Action\":\"getClients\",\n\"receiverName\":\"/zebus\",\n\"senderName\":\"/test\"\n}","type":"message"}
{"level":"info","time":"2019-07-03T13:48:11.766+0800","caller":"/works/git/zebus/src/client.go:247","msg":"{\n\"Action\":\"getClients\",\n\"receiverName\":\"/zebus\",\n\"senderName\":\"/test\"\n}","type":"message"}
{"level":"info","time":"2019-07-03T13:48:27.014+0800","caller":"/works/git/zebus/src/client.go:247","msg":"{\n\"Action\":\"getClients\",\n\"receiverName\":\"/zebus\",\n\"senderName\":\"/test\"\n}","type":"message"}
{"level":"info","time":"2019-07-03T13:48:44.228+0800","caller":"/works/git/zebus/src/pkg/logging/logging.go:78","msg":"log 初始化成功"}
{"level":"info","time":"2019-07-03T13:48:44.228+0800","caller":"/works/git/zebus/src/schedule.go:19","msg":"开始启动调度"}
{"level":"info","time":"2019-07-03T13:48:44.228+0800","caller":"/works/git/zebus/src/schedule.go:27","msg":"正在配置etcd"}
{"level":"info","time":"2019-07-03T13:48:44.263+0800","caller":"/works/git/zebus/src/WorkerMgr.go:52","msg":"info workermgr success"}
{"level":"info","time":"2019-07-03T13:48:44.279+0800","caller":"/works/git/zebus/src/schedule.go:38","msg":"启动etcd WorkerMgr 成功"}
{"level":"info","time":"2019-07-03T13:48:44.279+0800","caller":"/works/git/zebus/src/schedule.go:49","msg":"启动 websocket server:192.168.20.66:8181"}
{"level":"info","time":"2019-07-03T13:48:50.298+0800","caller":"/works/git/zebus/src/pkg/logging/logging.go:78","msg":"log 初始化成功"}
{"level":"info","time":"2019-07-03T13:48:50.298+0800","caller":"/works/git/zebus/src/schedule.go:19","msg":"开始启动调度"}
{"level":"info","time":"2019-07-03T13:48:50.298+0800","caller":"/works/git/zebus/src/schedule.go:27","msg":"正在配置etcd"}
{"level":"info","time":"2019-07-03T13:48:50.306+0800","caller":"/works/git/zebus/src/WorkerMgr.go:52","msg":"info workermgr success"}
{"level":"info","time":"2019-07-03T13:48:50.310+0800","caller":"/works/git/zebus/src/schedule.go:38","msg":"启动etcd WorkerMgr 成功"}
{"level":"info","time":"2019-07-03T13:48:50.310+0800","caller":"/works/git/zebus/src/schedule.go:49","msg":"启动 websocket server:192.168.20.66:8181"}
{"level":"error","time":"2019-07-03T13:48:58.947+0800","caller":"/works/git/zebus/src/client.go:244","msg":"接收失败:read tcp 192.168.20.66:8181->192.168.20.66:46490: use of closed network connection","stacktrace":"main.(*Client).readPump\n\t/works/git/zebus/src/client.go:244"}
{"level":"info","time":"2019-07-03T13:48:58.947+0800","caller":"/works/git/zebus/src/hub.go:170","msg":"unregister "}
{"level":"info","time":"2019-07-03T13:49:12.774+0800","caller":"/works/git/zebus/src/client.go:247","msg":"{\n    \"messageType\": \"RegisterToDaemon\",\n    \"SocketName\": \"/test\",\n    \"SocketType\": \"Controller\"\n}","type":"message"}
{"level":"info","time":"2019-07-03T13:49:12.775+0800","caller":"/works/git/zebus/src/WorkerMgr.go:89","msg":"new daemon client up,up topic:/zebus//test"}
{"level":"info","time":"2019-07-03T13:49:12.796+0800","caller":"/works/git/zebus/src/hub.go:166","msg":"register:test"}
{"level":"info","time":"2019-07-03T13:49:19.150+0800","caller":"/works/git/zebus/src/client.go:247","msg":"{\n\"Action\":\"getClients\",\n\"receiverName\":\"/zebus\",\n\"senderName\":\"/test\"\n}","type":"message"}
{"level":"info","time":"2019-07-03T13:49:31.366+0800","caller":"/works/git/zebus/src/client.go:247","msg":"{\n\"Action\":\"getClients\",\n\"receiverName\":\"/zebus\",\n\"senderName\":\"test\"\n}","type":"message"}
{"level":"info","time":"2019-07-03T13:50:35.769+0800","caller":"/works/git/zebus/src/pkg/logging/logging.go:78","msg":"log 初始化成功"}
{"level":"info","time":"2019-07-03T13:50:35.769+0800","caller":"/works/git/zebus/src/schedule.go:19","msg":"开始启动调度"}
{"level":"info","time":"2019-07-03T13:50:35.769+0800","caller":"/works/git/zebus/src/schedule.go:27","msg":"正在配置etcd"}
{"level":"info","time":"2019-07-03T13:50:35.774+0800","caller":"/works/git/zebus/src/WorkerMgr.go:52","msg":"info workermgr success"}
{"level":"info","time":"2019-07-03T13:50:35.778+0800","caller":"/works/git/zebus/src/schedule.go:38","msg":"启动etcd WorkerMgr 成功"}
{"level":"info","time":"2019-07-03T13:50:35.778+0800","caller":"/works/git/zebus/src/schedule.go:49","msg":"启动 websocket server:192.168.20.66:8181"}
{"level":"info","time":"2019-07-03T13:50:48.198+0800","caller":"/works/git/zebus/src/client.go:247","msg":"{\n    \"messageType\": \"RegisterToDaemon\",\n    \"SocketName\": \"/test\",\n    \"SocketType\": \"Controller\"\n}","type":"message"}
{"level":"info","time":"2019-07-03T13:50:48.199+0800","caller":"/works/git/zebus/src/WorkerMgr.go:89","msg":"new daemon client up,up topic:/zebus//test"}
{"level":"info","time":"2019-07-03T13:50:48.228+0800","caller":"/works/git/zebus/src/hub.go:166","msg":"register:test"}
{"level":"info","time":"2019-07-03T13:50:53.382+0800","caller":"/works/git/zebus/src/client.go:247","msg":"{\n\"Action\":\"getClients\",\n\"receiverName\":\"/zebus\",\n\"senderName\":\"/test\"\n}","type":"message"}
{"level":"info","time":"2019-07-03T13:50:53.382+0800","caller":"/works/git/zebus/src/client.go:258","msg":"is register:%!b(bool=true)"}
{"level":"info","time":"2019-07-03T13:51:40.164+0800","caller":"/works/git/zebus/src/pkg/logging/logging.go:78","msg":"log 初始化成功"}
{"level":"info","time":"2019-07-03T13:51:40.164+0800","caller":"/works/git/zebus/src/schedule.go:19","msg":"开始启动调度"}
{"level":"info","time":"2019-07-03T13:51:40.164+0800","caller":"/works/git/zebus/src/schedule.go:27","msg":"正在配置etcd"}
{"level":"info","time":"2019-07-03T13:51:40.169+0800","caller":"/works/git/zebus/src/WorkerMgr.go:52","msg":"info workermgr success"}
{"level":"info","time":"2019-07-03T13:51:40.175+0800","caller":"/works/git/zebus/src/schedule.go:38","msg":"启动etcd WorkerMgr 成功"}
{"level":"info","time":"2019-07-03T13:51:40.175+0800","caller":"/works/git/zebus/src/schedule.go:49","msg":"启动 websocket server:192.168.20.66:8181"}
{"level":"error","time":"2019-07-03T13:51:46.611+0800","caller":"/works/git/zebus/src/client.go:245","msg":"接收失败:read tcp 192.168.20.66:8181->192.168.20.66:46594: use of closed network connection","stacktrace":"main.(*Client).readPump\n\t/works/git/zebus/src/client.go:245"}
{"level":"info","time":"2019-07-03T13:51:46.612+0800","caller":"/works/git/zebus/src/hub.go:170","msg":"unregister "}
{"level":"info","time":"2019-07-03T13:51:49.670+0800","caller":"/works/git/zebus/src/client.go:248","msg":"{\n    \"messageType\": \"RegisterToDaemon\",\n    \"SocketName\": \"/test\",\n    \"SocketType\": \"Controller\"\n}","type":"message"}
{"level":"info","time":"2019-07-03T13:51:49.670+0800","caller":"/works/git/zebus/src/WorkerMgr.go:89","msg":"new daemon client up,up topic:/zebus//test"}
{"level":"info","time":"2019-07-03T13:51:49.673+0800","caller":"/works/git/zebus/src/hub.go:166","msg":"register:test"}
{"level":"info","time":"2019-07-03T13:51:56.063+0800","caller":"/works/git/zebus/src/client.go:248","msg":"{\n\"Action\":\"getClients\",\n\"receiverName\":\"/zebus\",\n\"senderName\":\"/test\"\n}","type":"message"}
{"level":"info","time":"2019-07-03T13:51:56.063+0800","caller":"/works/git/zebus/src/client.go:259","msg":"is register:%!b(bool=true)"}
{"level":"info","time":"2019-07-03T13:52:04.158+0800","caller":"/works/git/zebus/src/client.go:248","msg":"{\n\"Action\":\"getClients\",\n\"receiverName\":\"zebus\",\n\"senderName\":\"/test\"\n}","type":"message"}
{"level":"info","time":"2019-07-03T13:52:04.159+0800","caller":"/works/git/zebus/src/client.go:259","msg":"is register:%!b(bool=true)"}
{"level":"info","time":"2019-07-03T13:52:40.608+0800","caller":"/works/git/zebus/src/pkg/logging/logging.go:78","msg":"log 初始化成功"}
{"level":"info","time":"2019-07-03T13:52:40.608+0800","caller":"/works/git/zebus/src/schedule.go:19","msg":"开始启动调度"}
{"level":"info","time":"2019-07-03T13:52:40.608+0800","caller":"/works/git/zebus/src/schedule.go:27","msg":"正在配置etcd"}
{"level":"info","time":"2019-07-03T13:52:40.613+0800","caller":"/works/git/zebus/src/WorkerMgr.go:52","msg":"info workermgr success"}
{"level":"info","time":"2019-07-03T13:52:40.618+0800","caller":"/works/git/zebus/src/schedule.go:38","msg":"启动etcd WorkerMgr 成功"}
{"level":"info","time":"2019-07-03T13:52:40.618+0800","caller":"/works/git/zebus/src/schedule.go:49","msg":"启动 websocket server:192.168.20.66:8181"}
{"level":"error","time":"2019-07-03T13:52:47.155+0800","caller":"/works/git/zebus/src/client.go:245","msg":"接收失败:read tcp 192.168.20.66:8181->192.168.20.66:46638: use of closed network connection","stacktrace":"main.(*Client).readPump\n\t/works/git/zebus/src/client.go:245"}
{"level":"info","time":"2019-07-03T13:52:47.155+0800","caller":"/works/git/zebus/src/hub.go:170","msg":"unregister "}
{"level":"info","time":"2019-07-03T13:52:53.343+0800","caller":"/works/git/zebus/src/client.go:248","msg":"{\n    \"messageType\": \"RegisterToDaemon\",\n    \"SocketName\": \"/test\",\n    \"SocketType\": \"Controller\"\n}","type":"message"}
{"level":"info","time":"2019-07-03T13:52:53.343+0800","caller":"/works/git/zebus/src/WorkerMgr.go:89","msg":"new daemon client up,up topic:/zebus//test"}
{"level":"info","time":"2019-07-03T13:52:53.351+0800","caller":"/works/git/zebus/src/hub.go:166","msg":"register:test"}
{"level":"info","time":"2019-07-03T13:53:00.575+0800","caller":"/works/git/zebus/src/client.go:248","msg":"{\n\"Action\":\"getClients\",\n\"receiverName\":\"/zebus\",\n\"senderName\":\"/test\"\n}","type":"message"}
{"level":"info","time":"2019-07-03T13:53:00.575+0800","caller":"/works/git/zebus/src/client.go:259","msg":"is register:%!b(bool=true)"}
{"level":"info","time":"2019-07-03T13:53:00.575+0800","caller":"/works/git/zebus/src/client.go:175","msg":"action:getClients"}
{"level":"info","time":"2019-07-03T13:53:00.575+0800","caller":"/works/git/zebus/src/client.go:178","msg":"获取当前客户端列表"}
{"level":"info","time":"2019-07-03T13:54:36.151+0800","caller":"/works/git/zebus/src/client.go:248","msg":"{\n\"Action\":\"getClients\",\n\"receiverName\":\"/zebus\",\n\"senderName\":\"/test\",\n\"result\":{\"fdsf\":\"fdsafsd\"}\n}","type":"message"}
{"level":"info","time":"2019-07-03T13:54:36.151+0800","caller":"/works/git/zebus/src/client.go:259","msg":"is register:%!b(bool=true)"}
{"level":"error","time":"2019-07-03T13:54:36.151+0800","caller":"/works/git/zebus/src/client.go:172","msg":"解析json错误:json: cannot unmarshal object into Go struct field zeBusCmd.result of type string","stacktrace":"main.(*Client).execute\n\t/works/git/zebus/src/client.go:172\nmain.(*Client).readPump\n\t/works/git/zebus/src/client.go:264"}
{"level":"info","time":"2019-07-03T13:55:16.485+0800","caller":"/works/git/zebus/src/pkg/logging/logging.go:78","msg":"log 初始化成功"}
{"level":"info","time":"2019-07-03T13:55:16.485+0800","caller":"/works/git/zebus/src/schedule.go:19","msg":"开始启动调度"}
{"level":"info","time":"2019-07-03T13:55:16.485+0800","caller":"/works/git/zebus/src/schedule.go:27","msg":"正在配置etcd"}
{"level":"info","time":"2019-07-03T13:55:16.490+0800","caller":"/works/git/zebus/src/WorkerMgr.go:52","msg":"info workermgr success"}
{"level":"info","time":"2019-07-03T13:55:16.494+0800","caller":"/works/git/zebus/src/schedule.go:38","msg":"启动etcd WorkerMgr 成功"}
{"level":"info","time":"2019-07-03T13:55:16.494+0800","caller":"/works/git/zebus/src/schedule.go:49","msg":"启动 websocket server:192.168.20.66:8181"}
{"level":"error","time":"2019-07-03T13:55:23.164+0800","caller":"/works/git/zebus/src/client.go:245","msg":"接收失败:read tcp 192.168.20.66:8181->192.168.20.66:46756: use of closed network connection","stacktrace":"main.(*Client).readPump\n\t/works/git/zebus/src/client.go:245"}
{"level":"info","time":"2019-07-03T13:55:23.165+0800","caller":"/works/git/zebus/src/hub.go:170","msg":"unregister "}
{"level":"info","time":"2019-07-03T13:55:28.255+0800","caller":"/works/git/zebus/src/client.go:248","msg":"{\n    \"messageType\": \"RegisterToDaemon\",\n    \"SocketName\": \"/test\",\n    \"SocketType\": \"Controller\"\n}","type":"message"}
{"level":"info","time":"2019-07-03T13:55:28.256+0800","caller":"/works/git/zebus/src/WorkerMgr.go:89","msg":"new daemon client up,up topic:/zebus//test"}
{"level":"info","time":"2019-07-03T13:55:28.280+0800","caller":"/works/git/zebus/src/hub.go:166","msg":"register:test"}
{"level":"info","time":"2019-07-03T13:55:33.807+0800","caller":"/works/git/zebus/src/client.go:248","msg":"{\n\"Action\":\"getClients\",\n\"receiverName\":\"/zebus\",\n\"senderName\":\"/test\"\n}","type":"message"}
{"level":"info","time":"2019-07-03T13:55:33.807+0800","caller":"/works/git/zebus/src/client.go:259","msg":"is register:%!b(bool=true)"}
{"level":"info","time":"2019-07-03T13:55:33.807+0800","caller":"/works/git/zebus/src/client.go:175","msg":"action:getClients"}
{"level":"info","time":"2019-07-03T13:55:33.807+0800","caller":"/works/git/zebus/src/client.go:178","msg":"获取当前客户端列表"}
{"level":"info","time":"2019-07-03T13:55:44.935+0800","caller":"/works/git/zebus/src/client.go:248","msg":"{\n\"Action\":\"getClients\",\n\"receiverName\":\"/zebus\",\n\"senderName\":\"/test\",\n\"result\":{\"fdsaf\":\"fdsaf\"}\n}","type":"message"}
{"level":"info","time":"2019-07-03T13:55:44.935+0800","caller":"/works/git/zebus/src/client.go:259","msg":"is register:%!b(bool=true)"}
{"level":"info","time":"2019-07-03T13:55:44.935+0800","caller":"/works/git/zebus/src/client.go:175","msg":"action:getClients"}
{"level":"info","time":"2019-07-03T13:55:44.935+0800","caller":"/works/git/zebus/src/client.go:178","msg":"获取当前客户端列表"}
{"level":"info","time":"2019-07-03T13:55:55.463+0800","caller":"/works/git/zebus/src/client.go:248","msg":"{\n\"Action\":\"getClients\",\n\"receiverName\":\"/zebus\",\n\"senderName\":\"/test\"\n}","type":"message"}
{"level":"info","time":"2019-07-03T13:55:55.463+0800","caller":"/works/git/zebus/src/client.go:259","msg":"is register:%!b(bool=true)"}
{"level":"info","time":"2019-07-03T13:55:55.463+0800","caller":"/works/git/zebus/src/client.go:175","msg":"action:getClients"}
{"level":"info","time":"2019-07-03T13:55:55.463+0800","caller":"/works/git/zebus/src/client.go:178","msg":"获取当前客户端列表"}
{"level":"info","time":"2019-07-03T13:56:45.653+0800","caller":"/works/git/zebus/src/pkg/logging/logging.go:78","msg":"log 初始化成功"}
{"level":"info","time":"2019-07-03T13:56:45.653+0800","caller":"/works/git/zebus/src/schedule.go:19","msg":"开始启动调度"}
{"level":"info","time":"2019-07-03T13:56:45.653+0800","caller":"/works/git/zebus/src/schedule.go:27","msg":"正在配置etcd"}
{"level":"info","time":"2019-07-03T13:56:45.666+0800","caller":"/works/git/zebus/src/WorkerMgr.go:52","msg":"info workermgr success"}
{"level":"info","time":"2019-07-03T13:56:45.679+0800","caller":"/works/git/zebus/src/schedule.go:38","msg":"启动etcd WorkerMgr 成功"}
{"level":"info","time":"2019-07-03T13:56:45.679+0800","caller":"/works/git/zebus/src/schedule.go:49","msg":"启动 websocket server:192.168.20.66:8181"}
{"level":"error","time":"2019-07-03T13:56:52.874+0800","caller":"/works/git/zebus/src/client.go:245","msg":"接收失败:read tcp 192.168.20.66:8181->192.168.20.66:46812: use of closed network connection","stacktrace":"main.(*Client).readPump\n\t/works/git/zebus/src/client.go:245"}
{"level":"info","time":"2019-07-03T13:56:52.874+0800","caller":"/works/git/zebus/src/hub.go:170","msg":"unregister "}
{"level":"info","time":"2019-07-03T13:56:56.086+0800","caller":"/works/git/zebus/src/client.go:248","msg":"{\n\"Action\":\"getClients\",\n\"receiverName\":\"/zebus\",\n\"senderName\":\"/test\"\n}","type":"message"}
{"level":"info","time":"2019-07-03T13:56:56.086+0800","caller":"/works/git/zebus/src/client.go:259","msg":"is register:%!b(bool=false)"}
{"level":"error","time":"2019-07-03T13:56:59.499+0800","caller":"/works/git/zebus/src/client.go:245","msg":"接收失败:read tcp 192.168.20.66:8181->192.168.20.66:46818: use of closed network connection","stacktrace":"main.(*Client).readPump\n\t/works/git/zebus/src/client.go:245"}
{"level":"info","time":"2019-07-03T13:56:59.499+0800","caller":"/works/git/zebus/src/hub.go:170","msg":"unregister "}
{"level":"info","time":"2019-07-03T13:57:03.813+0800","caller":"/works/git/zebus/src/client.go:248","msg":"{\n    \"messageType\": \"RegisterToDaemon\",\n    \"SocketName\": \"/test\",\n    \"SocketType\": \"Controller\"\n}","type":"message"}
{"level":"info","time":"2019-07-03T13:57:03.813+0800","caller":"/works/git/zebus/src/WorkerMgr.go:89","msg":"new daemon client up,up topic:/zebus//test"}
{"level":"info","time":"2019-07-03T13:57:03.816+0800","caller":"/works/git/zebus/src/hub.go:166","msg":"register:test"}
{"level":"info","time":"2019-07-03T13:57:09.989+0800","caller":"/works/git/zebus/src/client.go:248","msg":"{\n\"Action\":\"getClients\",\n\"receiverName\":\"/zebus\",\n\"senderName\":\"/test\"\n}","type":"message"}
{"level":"info","time":"2019-07-03T13:57:09.989+0800","caller":"/works/git/zebus/src/client.go:259","msg":"is register:%!b(bool=true)"}
{"level":"info","time":"2019-07-03T14:02:08.424+0800","caller":"/works/git/zebus/src/pkg/logging/logging.go:78","msg":"log 初始化成功"}
{"level":"info","time":"2019-07-03T14:02:08.424+0800","caller":"/works/git/zebus/src/schedule.go:19","msg":"开始启动调度"}
{"level":"info","time":"2019-07-03T14:02:08.424+0800","caller":"/works/git/zebus/src/schedule.go:27","msg":"正在配置etcd"}
{"level":"info","time":"2019-07-03T14:02:08.429+0800","caller":"/works/git/zebus/src/WorkerMgr.go:52","msg":"info workermgr success"}
{"level":"info","time":"2019-07-03T14:02:08.432+0800","caller":"/works/git/zebus/src/schedule.go:38","msg":"启动etcd WorkerMgr 成功"}
{"level":"info","time":"2019-07-03T14:02:08.432+0800","caller":"/works/git/zebus/src/schedule.go:49","msg":"启动 websocket server:192.168.20.66:8181"}
{"level":"info","time":"2019-07-03T14:02:21.066+0800","caller":"/works/git/zebus/src/client.go:248","msg":"{\n    \"messageType\": \"RegisterToDaemon\",\n    \"SocketName\": \"/test\",\n    \"SocketType\": \"Controller\"\n}","type":"message"}
{"level":"info","time":"2019-07-03T14:02:21.066+0800","caller":"/works/git/zebus/src/WorkerMgr.go:89","msg":"new daemon client up,up topic:/zebus//test"}
{"level":"info","time":"2019-07-03T14:02:21.074+0800","caller":"/works/git/zebus/src/hub.go:166","msg":"register:test"}
{"level":"info","time":"2019-07-03T14:02:29.537+0800","caller":"/works/git/zebus/src/client.go:248","msg":"{\n\"Action\":\"getClients\",\n\"receiverName\":\"/zebus\",\n\"senderName\":\"/test\"\n}","type":"message"}
{"level":"info","time":"2019-07-03T14:02:29.538+0800","caller":"/works/git/zebus/src/client.go:259","msg":"is register:%!b(bool=true)"}
