{"level":"info","time":"2019-06-25T09:00:13.454+0800","caller":"F:/go/zebus/src/pkg/logging/logging.go:75","msg":"log 初始化成功"}
{"level":"info","time":"2019-06-25T09:00:13.487+0800","caller":"F:/go/zebus/src/schedule.go:19","msg":"开始启动调度"}
{"level":"info","time":"2019-06-25T09:00:13.487+0800","caller":"F:/go/zebus/src/schedule.go:27","msg":"正在配置etcd"}
{"level":"error","time":"2019-06-25T09:00:18.491+0800","caller":"F:/go/zebus/src/schedule.go:31","msg":"创建 etcd workerear 失败","stacktrace":"main.InitSchedume\n\tF:/go/zebus/src/schedule.go:31\nmain.(*Service).Start\n\tF:/go/zebus/src/main.go:38\ngithub.com/kardianos/service.(*windowsService).Execute\n\tC:/Users/zoolon/go/pkg/mod/github.com/kardianos/service@v1.0.0/service_windows.go:167\ngolang.org/x/sys/windows/svc.(*service).run.func1\n\tC:/Users/zoolon/go/pkg/mod/golang.org/x/sys@v0.0.0-20190215142949-d0b11bdaac8a/windows/svc/service.go:237"}
{"level":"info","time":"2019-06-25T09:00:18.648+0800","caller":"F:/go/zebus/src/schedule.go:45","msg":"etcd 服务启动失败,当前为第9次尝试"}
{"level":"error","time":"2019-06-25T09:00:33.649+0800","caller":"F:/go/zebus/src/schedule.go:31","msg":"创建 etcd workerear 失败","stacktrace":"main.InitSchedume\n\tF:/go/zebus/src/schedule.go:31\nmain.(*Service).Start\n\tF:/go/zebus/src/main.go:38\ngithub.com/kardianos/service.(*windowsService).Execute\n\tC:/Users/zoolon/go/pkg/mod/github.com/kardianos/service@v1.0.0/service_windows.go:167\ngolang.org/x/sys/windows/svc.(*service).run.func1\n\tC:/Users/zoolon/go/pkg/mod/golang.org/x/sys@v0.0.0-20190215142949-d0b11bdaac8a/windows/svc/service.go:237"}
{"level":"info","time":"2019-06-25T09:00:33.649+0800","caller":"F:/go/zebus/src/schedule.go:45","msg":"etcd 服务启动失败,当前为第8次尝试"}
{"level":"error","time":"2019-06-25T09:00:48.654+0800","caller":"F:/go/zebus/src/schedule.go:31","msg":"创建 etcd workerear 失败","stacktrace":"main.InitSchedume\n\tF:/go/zebus/src/schedule.go:31\nmain.(*Service).Start\n\tF:/go/zebus/src/main.go:38\ngithub.com/kardianos/service.(*windowsService).Execute\n\tC:/Users/zoolon/go/pkg/mod/github.com/kardianos/service@v1.0.0/service_windows.go:167\ngolang.org/x/sys/windows/svc.(*service).run.func1\n\tC:/Users/zoolon/go/pkg/mod/golang.org/x/sys@v0.0.0-20190215142949-d0b11bdaac8a/windows/svc/service.go:237"}
{"level":"info","time":"2019-06-25T09:00:48.654+0800","caller":"F:/go/zebus/src/schedule.go:45","msg":"etcd 服务启动失败,当前为第7次尝试"}
{"level":"error","time":"2019-06-25T09:01:03.656+0800","caller":"F:/go/zebus/src/schedule.go:31","msg":"创建 etcd workerear 失败","stacktrace":"main.InitSchedume\n\tF:/go/zebus/src/schedule.go:31\nmain.(*Service).Start\n\tF:/go/zebus/src/main.go:38\ngithub.com/kardianos/service.(*windowsService).Execute\n\tC:/Users/zoolon/go/pkg/mod/github.com/kardianos/service@v1.0.0/service_windows.go:167\ngolang.org/x/sys/windows/svc.(*service).run.func1\n\tC:/Users/zoolon/go/pkg/mod/golang.org/x/sys@v0.0.0-20190215142949-d0b11bdaac8a/windows/svc/service.go:237"}
{"level":"info","time":"2019-06-25T09:01:03.656+0800","caller":"F:/go/zebus/src/schedule.go:45","msg":"etcd 服务启动失败,当前为第6次尝试"}
{"level":"error","time":"2019-06-25T09:01:18.657+0800","caller":"F:/go/zebus/src/schedule.go:31","msg":"创建 etcd workerear 失败","stacktrace":"main.InitSchedume\n\tF:/go/zebus/src/schedule.go:31\nmain.(*Service).Start\n\tF:/go/zebus/src/main.go:38\ngithub.com/kardianos/service.(*windowsService).Execute\n\tC:/Users/zoolon/go/pkg/mod/github.com/kardianos/service@v1.0.0/service_windows.go:167\ngolang.org/x/sys/windows/svc.(*service).run.func1\n\tC:/Users/zoolon/go/pkg/mod/golang.org/x/sys@v0.0.0-20190215142949-d0b11bdaac8a/windows/svc/service.go:237"}
{"level":"info","time":"2019-06-25T09:01:18.657+0800","caller":"F:/go/zebus/src/schedule.go:45","msg":"etcd 服务启动失败,当前为第5次尝试"}
{"level":"error","time":"2019-06-25T09:01:33.659+0800","caller":"F:/go/zebus/src/schedule.go:31","msg":"创建 etcd workerear 失败","stacktrace":"main.InitSchedume\n\tF:/go/zebus/src/schedule.go:31\nmain.(*Service).Start\n\tF:/go/zebus/src/main.go:38\ngithub.com/kardianos/service.(*windowsService).Execute\n\tC:/Users/zoolon/go/pkg/mod/github.com/kardianos/service@v1.0.0/service_windows.go:167\ngolang.org/x/sys/windows/svc.(*service).run.func1\n\tC:/Users/zoolon/go/pkg/mod/golang.org/x/sys@v0.0.0-20190215142949-d0b11bdaac8a/windows/svc/service.go:237"}
{"level":"info","time":"2019-06-25T09:01:33.659+0800","caller":"F:/go/zebus/src/schedule.go:45","msg":"etcd 服务启动失败,当前为第4次尝试"}
{"level":"error","time":"2019-06-25T09:01:48.661+0800","caller":"F:/go/zebus/src/schedule.go:31","msg":"创建 etcd workerear 失败","stacktrace":"main.InitSchedume\n\tF:/go/zebus/src/schedule.go:31\nmain.(*Service).Start\n\tF:/go/zebus/src/main.go:38\ngithub.com/kardianos/service.(*windowsService).Execute\n\tC:/Users/zoolon/go/pkg/mod/github.com/kardianos/service@v1.0.0/service_windows.go:167\ngolang.org/x/sys/windows/svc.(*service).run.func1\n\tC:/Users/zoolon/go/pkg/mod/golang.org/x/sys@v0.0.0-20190215142949-d0b11bdaac8a/windows/svc/service.go:237"}
{"level":"info","time":"2019-06-25T09:01:48.661+0800","caller":"F:/go/zebus/src/schedule.go:45","msg":"etcd 服务启动失败,当前为第3次尝试"}
{"level":"info","time":"2019-06-25T09:01:58.666+0800","caller":"F:/go/zebus/src/WorkerMgr.go:50","msg":"info workermgr success"}
{"level":"info","time":"2019-06-25T09:01:58.671+0800","caller":"F:/go/zebus/src/schedule.go:38","msg":"启动etcd WorkerMgr 成功"}
{"level":"info","time":"2019-06-25T09:01:58.671+0800","caller":"F:/go/zebus/src/schedule.go:49","msg":"启动 websocket server:192.168.20.27:8181"}
{"level":"info","time":"2019-06-25T17:02:29.094+0800","caller":"F:/go/zebus/src/client.go:237","msg":"{\"SocketName\":\"/Daemon\",\"SocketType\":\"Daemon\",\"messageType\":\"RegisterToDaemon\"}\n","type":"message"}
{"level":"info","time":"2019-06-25T17:02:29.095+0800","caller":"F:/go/zebus/src/WorkerMgr.go:84","msg":"new daemon client up,up topic:/zebus/192.168.20.156"}
{"level":"info","time":"2019-06-25T17:02:29.391+0800","caller":"F:/go/zebus/src/hub.go:166","msg":"register:/zebus/192.168.20.156"}
