{"level":"info","time":"2019-07-01T02:05:35.000+0800","caller":"F:/go/zebus/src/pkg/logging/logging.go:75","msg":"log 初始化成功"}
{"level":"info","time":"2019-07-01T02:05:35.024+0800","caller":"F:/go/zebus/src/schedule.go:19","msg":"开始启动调度"}
{"level":"info","time":"2019-07-01T02:05:35.025+0800","caller":"F:/go/zebus/src/schedule.go:27","msg":"正在配置etcd"}
{"level":"error","time":"2019-07-01T02:05:40.143+0800","caller":"F:/go/zebus/src/schedule.go:31","msg":"创建 etcd workerear 失败","stacktrace":"main.InitSchedume\n\tF:/go/zebus/src/schedule.go:31\nmain.(*Service).Start\n\tF:/go/zebus/src/main.go:38\ngithub.com/kardianos/service.(*windowsService).Execute\n\tC:/Users/zoolon/go/pkg/mod/github.com/kardianos/service@v1.0.0/service_windows.go:167\ngolang.org/x/sys/windows/svc.(*service).run.func1\n\tC:/Users/zoolon/go/pkg/mod/golang.org/x/sys@v0.0.0-20190215142949-d0b11bdaac8a/windows/svc/service.go:237"}
{"level":"info","time":"2019-07-01T02:05:40.176+0800","caller":"F:/go/zebus/src/schedule.go:45","msg":"etcd 服务启动失败,当前为第9次尝试"}
{"level":"info","time":"2019-07-01T02:05:50.294+0800","caller":"F:/go/zebus/src/WorkerMgr.go:50","msg":"info workermgr success"}
{"level":"info","time":"2019-07-01T02:05:50.307+0800","caller":"F:/go/zebus/src/schedule.go:38","msg":"启动etcd WorkerMgr 成功"}
{"level":"info","time":"2019-07-01T02:05:50.308+0800","caller":"F:/go/zebus/src/schedule.go:49","msg":"启动 websocket server:192.168.20.27:8181"}
{"level":"info","time":"2019-07-01T02:05:59.324+0800","caller":"F:/go/zebus/src/client.go:237","msg":"{\"SocketName\":\"/Daemon\",\"SocketType\":\"Daemon\",\"messageType\":\"RegisterToDaemon\"}\n","type":"message"}
{"level":"info","time":"2019-07-01T02:05:59.324+0800","caller":"F:/go/zebus/src/WorkerMgr.go:84","msg":"new daemon client up,up topic:/zebus/192.168.20.156"}
{"level":"info","time":"2019-07-01T02:05:59.341+0800","caller":"F:/go/zebus/src/hub.go:166","msg":"register:/zebus/192.168.20.156"}
{"level":"error","time":"2019-07-01T10:22:25.942+0800","caller":"F:/go/zebus/src/client.go:234","msg":"接收失败:read tcp 192.168.20.27:8181->192.168.20.156:53892: wsarecv: An established connection was aborted by the software in your host machine.","stacktrace":"main.(*Client).readPump\n\tF:/go/zebus/src/client.go:234"}
{"level":"info","time":"2019-07-01T10:22:26.071+0800","caller":"F:/go/zebus/src/hub.go:170","msg":"unregister /zebus/192.168.20.156"}
{"level":"info","time":"2019-07-01T10:25:16.878+0800","caller":"F:/go/zebus/src/client.go:237","msg":"{\"SocketName\":\"/Daemon\",\"SocketType\":\"Daemon\",\"messageType\":\"RegisterToDaemon\"}\n","type":"message"}
{"level":"info","time":"2019-07-01T10:25:16.880+0800","caller":"F:/go/zebus/src/WorkerMgr.go:84","msg":"new daemon client up,up topic:/zebus/192.168.20.156"}
{"level":"info","time":"2019-07-01T10:25:16.927+0800","caller":"F:/go/zebus/src/hub.go:166","msg":"register:/zebus/192.168.20.156"}
{"level":"error","time":"2019-07-01T11:05:33.914+0800","caller":"F:/go/zebus/src/client.go:234","msg":"接收失败:read tcp 192.168.20.27:8181->192.168.20.156:54150: i/o timeout","stacktrace":"main.(*Client).readPump\n\tF:/go/zebus/src/client.go:234"}
{"level":"info","time":"2019-07-01T11:05:33.914+0800","caller":"F:/go/zebus/src/hub.go:170","msg":"unregister /zebus/192.168.20.156"}
{"level":"info","time":"2019-07-01T11:08:04.498+0800","caller":"F:/go/zebus/src/client.go:237","msg":"{\"SocketName\":\"/Daemon\",\"SocketType\":\"Daemon\",\"messageType\":\"RegisterToDaemon\"}\n","type":"message"}
{"level":"info","time":"2019-07-01T11:08:04.508+0800","caller":"F:/go/zebus/src/WorkerMgr.go:84","msg":"new daemon client up,up topic:/zebus/192.168.20.156"}
{"level":"info","time":"2019-07-01T11:08:04.557+0800","caller":"F:/go/zebus/src/hub.go:166","msg":"register:/zebus/192.168.20.156"}
{"level":"info","time":"2019-07-01T04:42:25.350+0800","caller":"F:/go/zebus/src/pkg/logging/logging.go:75","msg":"log 初始化成功"}
{"level":"info","time":"2019-07-01T04:42:25.410+0800","caller":"F:/go/zebus/src/schedule.go:19","msg":"开始启动调度"}
{"level":"info","time":"2019-07-01T04:42:25.410+0800","caller":"F:/go/zebus/src/schedule.go:27","msg":"正在配置etcd"}
{"level":"error","time":"2019-07-01T04:42:30.432+0800","caller":"F:/go/zebus/src/schedule.go:31","msg":"创建 etcd workerear 失败","stacktrace":"main.InitSchedume\n\tF:/go/zebus/src/schedule.go:31\nmain.(*Service).Start\n\tF:/go/zebus/src/main.go:38\ngithub.com/kardianos/service.(*windowsService).Execute\n\tC:/Users/zoolon/go/pkg/mod/github.com/kardianos/service@v1.0.0/service_windows.go:167\ngolang.org/x/sys/windows/svc.(*service).run.func1\n\tC:/Users/zoolon/go/pkg/mod/golang.org/x/sys@v0.0.0-20190215142949-d0b11bdaac8a/windows/svc/service.go:237"}
{"level":"info","time":"2019-07-01T04:42:31.084+0800","caller":"F:/go/zebus/src/schedule.go:45","msg":"etcd 服务启动失败,当前为第9次尝试"}
{"level":"error","time":"2019-07-01T04:42:46.085+0800","caller":"F:/go/zebus/src/schedule.go:31","msg":"创建 etcd workerear 失败","stacktrace":"main.InitSchedume\n\tF:/go/zebus/src/schedule.go:31\nmain.(*Service).Start\n\tF:/go/zebus/src/main.go:38\ngithub.com/kardianos/service.(*windowsService).Execute\n\tC:/Users/zoolon/go/pkg/mod/github.com/kardianos/service@v1.0.0/service_windows.go:167\ngolang.org/x/sys/windows/svc.(*service).run.func1\n\tC:/Users/zoolon/go/pkg/mod/golang.org/x/sys@v0.0.0-20190215142949-d0b11bdaac8a/windows/svc/service.go:237"}
{"level":"info","time":"2019-07-01T04:42:46.085+0800","caller":"F:/go/zebus/src/schedule.go:45","msg":"etcd 服务启动失败,当前为第8次尝试"}
{"level":"error","time":"2019-07-01T04:43:01.093+0800","caller":"F:/go/zebus/src/schedule.go:31","msg":"创建 etcd workerear 失败","stacktrace":"main.InitSchedume\n\tF:/go/zebus/src/schedule.go:31\nmain.(*Service).Start\n\tF:/go/zebus/src/main.go:38\ngithub.com/kardianos/service.(*windowsService).Execute\n\tC:/Users/zoolon/go/pkg/mod/github.com/kardianos/service@v1.0.0/service_windows.go:167\ngolang.org/x/sys/windows/svc.(*service).run.func1\n\tC:/Users/zoolon/go/pkg/mod/golang.org/x/sys@v0.0.0-20190215142949-d0b11bdaac8a/windows/svc/service.go:237"}
{"level":"info","time":"2019-07-01T04:43:01.093+0800","caller":"F:/go/zebus/src/schedule.go:45","msg":"etcd 服务启动失败,当前为第7次尝试"}
{"level":"error","time":"2019-07-01T04:43:16.094+0800","caller":"F:/go/zebus/src/schedule.go:31","msg":"创建 etcd workerear 失败","stacktrace":"main.InitSchedume\n\tF:/go/zebus/src/schedule.go:31\nmain.(*Service).Start\n\tF:/go/zebus/src/main.go:38\ngithub.com/kardianos/service.(*windowsService).Execute\n\tC:/Users/zoolon/go/pkg/mod/github.com/kardianos/service@v1.0.0/service_windows.go:167\ngolang.org/x/sys/windows/svc.(*service).run.func1\n\tC:/Users/zoolon/go/pkg/mod/golang.org/x/sys@v0.0.0-20190215142949-d0b11bdaac8a/windows/svc/service.go:237"}
{"level":"info","time":"2019-07-01T04:43:16.094+0800","caller":"F:/go/zebus/src/schedule.go:45","msg":"etcd 服务启动失败,当前为第6次尝试"}
{"level":"error","time":"2019-07-01T04:43:31.095+0800","caller":"F:/go/zebus/src/schedule.go:31","msg":"创建 etcd workerear 失败","stacktrace":"main.InitSchedume\n\tF:/go/zebus/src/schedule.go:31\nmain.(*Service).Start\n\tF:/go/zebus/src/main.go:38\ngithub.com/kardianos/service.(*windowsService).Execute\n\tC:/Users/zoolon/go/pkg/mod/github.com/kardianos/service@v1.0.0/service_windows.go:167\ngolang.org/x/sys/windows/svc.(*service).run.func1\n\tC:/Users/zoolon/go/pkg/mod/golang.org/x/sys@v0.0.0-20190215142949-d0b11bdaac8a/windows/svc/service.go:237"}
{"level":"info","time":"2019-07-01T04:43:31.095+0800","caller":"F:/go/zebus/src/schedule.go:45","msg":"etcd 服务启动失败,当前为第5次尝试"}
{"level":"error","time":"2019-07-01T04:43:46.096+0800","caller":"F:/go/zebus/src/schedule.go:31","msg":"创建 etcd workerear 失败","stacktrace":"main.InitSchedume\n\tF:/go/zebus/src/schedule.go:31\nmain.(*Service).Start\n\tF:/go/zebus/src/main.go:38\ngithub.com/kardianos/service.(*windowsService).Execute\n\tC:/Users/zoolon/go/pkg/mod/github.com/kardianos/service@v1.0.0/service_windows.go:167\ngolang.org/x/sys/windows/svc.(*service).run.func1\n\tC:/Users/zoolon/go/pkg/mod/golang.org/x/sys@v0.0.0-20190215142949-d0b11bdaac8a/windows/svc/service.go:237"}
{"level":"info","time":"2019-07-01T04:43:46.096+0800","caller":"F:/go/zebus/src/schedule.go:45","msg":"etcd 服务启动失败,当前为第4次尝试"}
{"level":"error","time":"2019-07-01T04:44:01.097+0800","caller":"F:/go/zebus/src/schedule.go:31","msg":"创建 etcd workerear 失败","stacktrace":"main.InitSchedume\n\tF:/go/zebus/src/schedule.go:31\nmain.(*Service).Start\n\tF:/go/zebus/src/main.go:38\ngithub.com/kardianos/service.(*windowsService).Execute\n\tC:/Users/zoolon/go/pkg/mod/github.com/kardianos/service@v1.0.0/service_windows.go:167\ngolang.org/x/sys/windows/svc.(*service).run.func1\n\tC:/Users/zoolon/go/pkg/mod/golang.org/x/sys@v0.0.0-20190215142949-d0b11bdaac8a/windows/svc/service.go:237"}
{"level":"info","time":"2019-07-01T04:44:01.097+0800","caller":"F:/go/zebus/src/schedule.go:45","msg":"etcd 服务启动失败,当前为第3次尝试"}
{"level":"error","time":"2019-07-01T04:44:16.099+0800","caller":"F:/go/zebus/src/schedule.go:31","msg":"创建 etcd workerear 失败","stacktrace":"main.InitSchedume\n\tF:/go/zebus/src/schedule.go:31\nmain.(*Service).Start\n\tF:/go/zebus/src/main.go:38\ngithub.com/kardianos/service.(*windowsService).Execute\n\tC:/Users/zoolon/go/pkg/mod/github.com/kardianos/service@v1.0.0/service_windows.go:167\ngolang.org/x/sys/windows/svc.(*service).run.func1\n\tC:/Users/zoolon/go/pkg/mod/golang.org/x/sys@v0.0.0-20190215142949-d0b11bdaac8a/windows/svc/service.go:237"}
{"level":"info","time":"2019-07-01T04:44:16.099+0800","caller":"F:/go/zebus/src/schedule.go:45","msg":"etcd 服务启动失败,当前为第2次尝试"}
{"level":"error","time":"2019-07-01T04:44:31.100+0800","caller":"F:/go/zebus/src/schedule.go:31","msg":"创建 etcd workerear 失败","stacktrace":"main.InitSchedume\n\tF:/go/zebus/src/schedule.go:31\nmain.(*Service).Start\n\tF:/go/zebus/src/main.go:38\ngithub.com/kardianos/service.(*windowsService).Execute\n\tC:/Users/zoolon/go/pkg/mod/github.com/kardianos/service@v1.0.0/service_windows.go:167\ngolang.org/x/sys/windows/svc.(*service).run.func1\n\tC:/Users/zoolon/go/pkg/mod/golang.org/x/sys@v0.0.0-20190215142949-d0b11bdaac8a/windows/svc/service.go:237"}
{"level":"info","time":"2019-07-01T04:44:31.100+0800","caller":"F:/go/zebus/src/schedule.go:45","msg":"etcd 服务启动失败,当前为第1次尝试"}
{"level":"error","time":"2019-07-01T04:44:46.101+0800","caller":"F:/go/zebus/src/schedule.go:31","msg":"创建 etcd workerear 失败","stacktrace":"main.InitSchedume\n\tF:/go/zebus/src/schedule.go:31\nmain.(*Service).Start\n\tF:/go/zebus/src/main.go:38\ngithub.com/kardianos/service.(*windowsService).Execute\n\tC:/Users/zoolon/go/pkg/mod/github.com/kardianos/service@v1.0.0/service_windows.go:167\ngolang.org/x/sys/windows/svc.(*service).run.func1\n\tC:/Users/zoolon/go/pkg/mod/golang.org/x/sys@v0.0.0-20190215142949-d0b11bdaac8a/windows/svc/service.go:237"}
{"level":"error","time":"2019-07-01T04:44:46.101+0800","caller":"F:/go/zebus/src/main.go:39","msg":"创建调度失败","stacktrace":"main.(*Service).Start\n\tF:/go/zebus/src/main.go:39\ngithub.com/kardianos/service.(*windowsService).Execute\n\tC:/Users/zoolon/go/pkg/mod/github.com/kardianos/service@v1.0.0/service_windows.go:167\ngolang.org/x/sys/windows/svc.(*service).run.func1\n\tC:/Users/zoolon/go/pkg/mod/golang.org/x/sys@v0.0.0-20190215142949-d0b11bdaac8a/windows/svc/service.go:237"}
{"level":"info","time":"2019-07-01T15:37:02.272+0800","caller":"F:/go/zebus/src/pkg/logging/logging.go:78","msg":"log 初始化成功"}
{"level":"info","time":"2019-07-01T15:37:02.291+0800","caller":"F:/go/zebus/src/schedule.go:19","msg":"开始启动调度"}
{"level":"info","time":"2019-07-01T15:37:02.291+0800","caller":"F:/go/zebus/src/schedule.go:27","msg":"正在配置etcd"}
{"level":"info","time":"2019-07-01T15:37:02.309+0800","caller":"F:/go/zebus/src/WorkerMgr.go:50","msg":"info workermgr success"}
{"level":"info","time":"2019-07-01T15:37:02.316+0800","caller":"F:/go/zebus/src/schedule.go:38","msg":"启动etcd WorkerMgr 成功"}
{"level":"info","time":"2019-07-01T15:37:02.316+0800","caller":"F:/go/zebus/src/schedule.go:49","msg":"启动 websocket server:192.168.20.27:8181"}
{"level":"info","time":"2019-07-01T15:37:40.296+0800","caller":"F:/go/zebus/src/pkg/logging/logging.go:78","msg":"log 初始化成功"}
{"level":"info","time":"2019-07-01T16:23:26.810+0800","caller":"F:/go/zebus/src/pkg/logging/logging.go:75","msg":"log 初始化成功"}
{"level":"info","time":"2019-07-01T16:23:26.844+0800","caller":"F:/go/zebus/src/schedule.go:15","msg":"开始启动调度"}
{"level":"info","time":"2019-07-01T16:23:26.844+0800","caller":"F:/go/zebus/src/schedule.go:23","msg":"正在配置etcd"}
{"level":"info","time":"2019-07-01T16:24:04.340+0800","caller":"F:/go/zebus/src/pkg/logging/logging.go:75","msg":"log 初始化成功"}
{"level":"info","time":"2019-07-01T16:24:04.341+0800","caller":"F:/go/zebus/src/schedule.go:15","msg":"开始启动调度"}
{"level":"info","time":"2019-07-01T16:24:04.341+0800","caller":"F:/go/zebus/src/schedule.go:23","msg":"正在配置etcd"}
{"level":"info","time":"2019-07-01T16:24:26.455+0800","caller":"F:/go/zebus/src/pkg/logging/logging.go:75","msg":"log 初始化成功"}
{"level":"info","time":"2019-07-01T16:24:26.455+0800","caller":"F:/go/zebus/src/schedule.go:15","msg":"开始启动调度"}
{"level":"info","time":"2019-07-01T16:24:26.456+0800","caller":"F:/go/zebus/src/schedule.go:23","msg":"正在配置etcd"}
{"level":"info","time":"2019-07-01T16:25:00.541+0800","caller":"F:/go/zebus/src/pkg/logging/logging.go:75","msg":"log 初始化成功"}
{"level":"info","time":"2019-07-01T16:25:00.542+0800","caller":"F:/go/zebus/src/schedule.go:15","msg":"开始启动调度"}
{"level":"info","time":"2019-07-01T16:25:00.544+0800","caller":"F:/go/zebus/src/schedule.go:23","msg":"正在配置etcd"}
{"level":"info","time":"2019-07-01T16:39:19.094+0800","caller":"F:/go/zebus/src/pkg/logging/logging.go:75","msg":"log 初始化成功"}
{"level":"info","time":"2019-07-01T16:39:19.095+0800","caller":"F:/go/zebus/src/schedule.go:15","msg":"开始启动调度"}
{"level":"info","time":"2019-07-01T16:39:19.096+0800","caller":"F:/go/zebus/src/schedule.go:23","msg":"正在配置etcd"}
{"level":"info","time":"2019-07-01T16:39:38.828+0800","caller":"F:/go/zebus/src/pkg/logging/logging.go:78","msg":"log 初始化成功"}
{"level":"info","time":"2019-07-01T16:39:59.367+0800","caller":"F:/go/zebus/src/pkg/logging/logging.go:78","msg":"log 初始化成功"}
{"level":"info","time":"2019-07-01T16:40:05.733+0800","caller":"F:/go/zebus/src/pkg/logging/logging.go:78","msg":"log 初始化成功"}
{"level":"info","time":"2019-07-01T16:40:17.344+0800","caller":"F:/go/zebus/src/pkg/logging/logging.go:78","msg":"log 初始化成功"}
{"level":"info","time":"2019-07-01T16:41:10.050+0800","caller":"F:/go/zebus/src/pkg/logging/logging.go:78","msg":"log 初始化成功"}
{"level":"info","time":"2019-07-01T16:43:21.441+0800","caller":"F:/go/zebus/src/pkg/logging/logging.go:78","msg":"log 初始化成功"}
{"level":"info","time":"2019-07-01T16:45:53.398+0800","caller":"F:/go/zebus/src/pkg/logging/logging.go:78","msg":"log 初始化成功"}
{"level":"info","time":"2019-07-01T16:46:07.508+0800","caller":"F:/go/zebus/src/pkg/logging/logging.go:78","msg":"log 初始化成功"}
{"level":"info","time":"2019-07-01T16:46:07.510+0800","caller":"F:/go/zebus/src/schedule.go:19","msg":"开始启动调度"}
{"level":"info","time":"2019-07-01T16:46:07.511+0800","caller":"F:/go/zebus/src/schedule.go:27","msg":"正在配置etcd"}
{"level":"info","time":"2019-07-01T16:46:07.524+0800","caller":"F:/go/zebus/src/WorkerMgr.go:50","msg":"info workermgr success"}
{"level":"info","time":"2019-07-01T16:46:07.529+0800","caller":"F:/go/zebus/src/schedule.go:38","msg":"启动etcd WorkerMgr 成功"}
{"level":"info","time":"2019-07-01T16:46:07.529+0800","caller":"F:/go/zebus/src/schedule.go:49","msg":"启动 websocket server:192.168.20.27:8181"}
{"level":"info","time":"2019-07-01T18:23:01.830+0800","caller":"F:/go/zebus/src/pkg/logging/logging.go:78","msg":"log 初始化成功"}
{"level":"info","time":"2019-07-01T18:23:01.834+0800","caller":"F:/go/zebus/src/schedule.go:19","msg":"开始启动调度"}
{"level":"info","time":"2019-07-01T18:23:01.834+0800","caller":"F:/go/zebus/src/schedule.go:27","msg":"正在配置etcd"}
{"level":"info","time":"2019-07-01T18:23:01.848+0800","caller":"F:/go/zebus/src/WorkerMgr.go:50","msg":"info workermgr success"}
{"level":"info","time":"2019-07-01T18:23:01.855+0800","caller":"F:/go/zebus/src/schedule.go:38","msg":"启动etcd WorkerMgr 成功"}
{"level":"info","time":"2019-07-01T18:23:01.855+0800","caller":"F:/go/zebus/src/schedule.go:49","msg":"启动 websocket server:192.168.20.27:8181"}
{"level":"info","time":"2019-07-01T18:23:32.376+0800","caller":"F:/go/zebus/src/pkg/logging/logging.go:78","msg":"log 初始化成功"}
{"level":"info","time":"2019-07-01T18:23:32.380+0800","caller":"F:/go/zebus/src/schedule.go:19","msg":"开始启动调度"}
{"level":"info","time":"2019-07-01T18:23:32.380+0800","caller":"F:/go/zebus/src/schedule.go:27","msg":"正在配置etcd"}
{"level":"info","time":"2019-07-01T18:23:32.393+0800","caller":"F:/go/zebus/src/WorkerMgr.go:50","msg":"info workermgr success"}
{"level":"info","time":"2019-07-01T18:23:32.400+0800","caller":"F:/go/zebus/src/schedule.go:38","msg":"启动etcd WorkerMgr 成功"}
{"level":"info","time":"2019-07-01T18:23:32.400+0800","caller":"F:/go/zebus/src/schedule.go:49","msg":"启动 websocket server:192.168.20.27:8181"}
