{"level":"info","time":"2019-06-21T02:50:17.853+0800","caller":"F:/go/zebus/src/pkg/logging/logging.go:75","msg":"log 初始化成功"}
{"level":"info","time":"2019-06-21T02:50:17.854+0800","caller":"F:/go/zebus/src/schedule.go:19","msg":"开始启动调度"}
{"level":"info","time":"2019-06-21T02:50:17.854+0800","caller":"F:/go/zebus/src/schedule.go:27","msg":"正在配置etcd"}
{"level":"error","time":"2019-06-21T02:50:23.045+0800","caller":"F:/go/zebus/src/schedule.go:31","msg":"创建 etcd workerear 失败","stacktrace":"main.InitSchedume\n\tF:/go/zebus/src/schedule.go:31\nmain.(*Service).Start\n\tF:/go/zebus/src/main.go:38\ngithub.com/kardianos/service.(*windowsService).Execute\n\tC:/Users/zoolon/go/pkg/mod/github.com/kardianos/service@v1.0.0/service_windows.go:167\ngolang.org/x/sys/windows/svc.(*service).run.func1\n\tC:/Users/zoolon/go/pkg/mod/golang.org/x/sys@v0.0.0-20190215142949-d0b11bdaac8a/windows/svc/service.go:237"}
{"level":"info","time":"2019-06-21T02:50:23.073+0800","caller":"F:/go/zebus/src/schedule.go:45","msg":"etcd 服务启动失败,当前为第9次尝试"}
{"level":"error","time":"2019-06-21T02:50:38.074+0800","caller":"F:/go/zebus/src/schedule.go:31","msg":"创建 etcd workerear 失败","stacktrace":"main.InitSchedume\n\tF:/go/zebus/src/schedule.go:31\nmain.(*Service).Start\n\tF:/go/zebus/src/main.go:38\ngithub.com/kardianos/service.(*windowsService).Execute\n\tC:/Users/zoolon/go/pkg/mod/github.com/kardianos/service@v1.0.0/service_windows.go:167\ngolang.org/x/sys/windows/svc.(*service).run.func1\n\tC:/Users/zoolon/go/pkg/mod/golang.org/x/sys@v0.0.0-20190215142949-d0b11bdaac8a/windows/svc/service.go:237"}
{"level":"info","time":"2019-06-21T02:50:38.074+0800","caller":"F:/go/zebus/src/schedule.go:45","msg":"etcd 服务启动失败,当前为第8次尝试"}
{"level":"error","time":"2019-06-21T02:50:53.075+0800","caller":"F:/go/zebus/src/schedule.go:31","msg":"创建 etcd workerear 失败","stacktrace":"main.InitSchedume\n\tF:/go/zebus/src/schedule.go:31\nmain.(*Service).Start\n\tF:/go/zebus/src/main.go:38\ngithub.com/kardianos/service.(*windowsService).Execute\n\tC:/Users/zoolon/go/pkg/mod/github.com/kardianos/service@v1.0.0/service_windows.go:167\ngolang.org/x/sys/windows/svc.(*service).run.func1\n\tC:/Users/zoolon/go/pkg/mod/golang.org/x/sys@v0.0.0-20190215142949-d0b11bdaac8a/windows/svc/service.go:237"}
{"level":"info","time":"2019-06-21T02:50:53.075+0800","caller":"F:/go/zebus/src/schedule.go:45","msg":"etcd 服务启动失败,当前为第7次尝试"}
{"level":"error","time":"2019-06-21T02:51:08.076+0800","caller":"F:/go/zebus/src/schedule.go:31","msg":"创建 etcd workerear 失败","stacktrace":"main.InitSchedume\n\tF:/go/zebus/src/schedule.go:31\nmain.(*Service).Start\n\tF:/go/zebus/src/main.go:38\ngithub.com/kardianos/service.(*windowsService).Execute\n\tC:/Users/zoolon/go/pkg/mod/github.com/kardianos/service@v1.0.0/service_windows.go:167\ngolang.org/x/sys/windows/svc.(*service).run.func1\n\tC:/Users/zoolon/go/pkg/mod/golang.org/x/sys@v0.0.0-20190215142949-d0b11bdaac8a/windows/svc/service.go:237"}
{"level":"info","time":"2019-06-21T02:51:08.076+0800","caller":"F:/go/zebus/src/schedule.go:45","msg":"etcd 服务启动失败,当前为第6次尝试"}
{"level":"error","time":"2019-06-21T02:51:23.077+0800","caller":"F:/go/zebus/src/schedule.go:31","msg":"创建 etcd workerear 失败","stacktrace":"main.InitSchedume\n\tF:/go/zebus/src/schedule.go:31\nmain.(*Service).Start\n\tF:/go/zebus/src/main.go:38\ngithub.com/kardianos/service.(*windowsService).Execute\n\tC:/Users/zoolon/go/pkg/mod/github.com/kardianos/service@v1.0.0/service_windows.go:167\ngolang.org/x/sys/windows/svc.(*service).run.func1\n\tC:/Users/zoolon/go/pkg/mod/golang.org/x/sys@v0.0.0-20190215142949-d0b11bdaac8a/windows/svc/service.go:237"}
{"level":"info","time":"2019-06-21T02:51:23.077+0800","caller":"F:/go/zebus/src/schedule.go:45","msg":"etcd 服务启动失败,当前为第5次尝试"}
{"level":"info","time":"2019-06-21T02:52:30.331+0800","caller":"F:/go/zebus/src/pkg/logging/logging.go:75","msg":"log 初始化成功"}
{"level":"info","time":"2019-06-21T02:52:30.348+0800","caller":"F:/go/zebus/src/schedule.go:19","msg":"开始启动调度"}
{"level":"info","time":"2019-06-21T02:52:30.348+0800","caller":"F:/go/zebus/src/schedule.go:27","msg":"正在配置etcd"}
{"level":"error","time":"2019-06-21T02:52:35.354+0800","caller":"F:/go/zebus/src/schedule.go:31","msg":"创建 etcd workerear 失败","stacktrace":"main.InitSchedume\n\tF:/go/zebus/src/schedule.go:31\nmain.(*Service).Start\n\tF:/go/zebus/src/main.go:38\ngithub.com/kardianos/service.(*windowsService).Execute\n\tC:/Users/zoolon/go/pkg/mod/github.com/kardianos/service@v1.0.0/service_windows.go:167\ngolang.org/x/sys/windows/svc.(*service).run.func1\n\tC:/Users/zoolon/go/pkg/mod/golang.org/x/sys@v0.0.0-20190215142949-d0b11bdaac8a/windows/svc/service.go:237"}
{"level":"info","time":"2019-06-21T02:52:35.397+0800","caller":"F:/go/zebus/src/schedule.go:45","msg":"etcd 服务启动失败,当前为第9次尝试"}
{"level":"error","time":"2019-06-21T02:52:50.397+0800","caller":"F:/go/zebus/src/schedule.go:31","msg":"创建 etcd workerear 失败","stacktrace":"main.InitSchedume\n\tF:/go/zebus/src/schedule.go:31\nmain.(*Service).Start\n\tF:/go/zebus/src/main.go:38\ngithub.com/kardianos/service.(*windowsService).Execute\n\tC:/Users/zoolon/go/pkg/mod/github.com/kardianos/service@v1.0.0/service_windows.go:167\ngolang.org/x/sys/windows/svc.(*service).run.func1\n\tC:/Users/zoolon/go/pkg/mod/golang.org/x/sys@v0.0.0-20190215142949-d0b11bdaac8a/windows/svc/service.go:237"}
{"level":"info","time":"2019-06-21T02:52:50.397+0800","caller":"F:/go/zebus/src/schedule.go:45","msg":"etcd 服务启动失败,当前为第8次尝试"}
{"level":"error","time":"2019-06-21T02:53:05.399+0800","caller":"F:/go/zebus/src/schedule.go:31","msg":"创建 etcd workerear 失败","stacktrace":"main.InitSchedume\n\tF:/go/zebus/src/schedule.go:31\nmain.(*Service).Start\n\tF:/go/zebus/src/main.go:38\ngithub.com/kardianos/service.(*windowsService).Execute\n\tC:/Users/zoolon/go/pkg/mod/github.com/kardianos/service@v1.0.0/service_windows.go:167\ngolang.org/x/sys/windows/svc.(*service).run.func1\n\tC:/Users/zoolon/go/pkg/mod/golang.org/x/sys@v0.0.0-20190215142949-d0b11bdaac8a/windows/svc/service.go:237"}
{"level":"info","time":"2019-06-21T02:53:05.399+0800","caller":"F:/go/zebus/src/schedule.go:45","msg":"etcd 服务启动失败,当前为第7次尝试"}
{"level":"info","time":"2019-06-21T02:53:15.900+0800","caller":"F:/go/zebus/src/WorkerMgr.go:50","msg":"info workermgr success"}
{"level":"info","time":"2019-06-21T02:53:15.993+0800","caller":"F:/go/zebus/src/schedule.go:38","msg":"启动etcd WorkerMgr 成功"}
{"level":"info","time":"2019-06-21T02:53:15.993+0800","caller":"F:/go/zebus/src/schedule.go:49","msg":"启动 websocket server:192.168.20.27:8181"}
{"level":"info","time":"2019-06-21T02:53:19.562+0800","caller":"F:/go/zebus/src/client.go:237","msg":"{\"SocketName\":\"/Daemon\",\"SocketType\":\"Daemon\",\"messageType\":\"RegisterToDaemon\"}\n","type":"message"}
{"level":"info","time":"2019-06-21T02:53:19.612+0800","caller":"F:/go/zebus/src/WorkerMgr.go:84","msg":"new daemon client up,up topic:/zebus/192.168.20.156"}
{"level":"info","time":"2019-06-21T02:53:19.801+0800","caller":"F:/go/zebus/src/hub.go:166","msg":"register:/zebus/192.168.20.156"}
