{"level":"info","time":"2019-03-28T10:11:36.466+0800","caller":"C:/Users/zoolon/go/src/github.com/wenchangshou2/zebus/src/pkg/logging/logging.go:66","msg":"log 初始化成功"}
{"level":"info","time":"2019-03-28T10:12:26.684+0800","caller":"C:/Users/zoolon/go/src/github.com/wenchangshou2/zebus/src/pkg/logging/logging.go:66","msg":"log 初始化成功"}
{"level":"error","time":"2019-03-28T10:17:34.537+0800","caller":"C:/Users/zoolon/go/src/github.com/wenchangshou2/zebus/src/client.go:114","msg":"解析json错误:{\n\"Action\":\"closePpt\",\n\"gid\":\"f6fe901885365c12\",\n\"ApplicationID\":\"123\",\n\"receiverName\":\"/zebus/192.168.20.27/Daemon/ResourcesService\",\n\"senderName\":\"自己名称\",\n\n}","stacktrace":"main.(*Client).readPump\n\tC:/Users/zoolon/go/src/github.com/wenchangshou2/zebus/src/client.go:114"}
{"level":"error","time":"2019-03-28T10:17:44.786+0800","caller":"C:/Users/zoolon/go/src/github.com/wenchangshou2/zebus/src/client.go:114","msg":"解析json错误:{\n\"Action\":\"closePpt\",\n\"gid\":\"f6fe901885365c12\",\n\"ApplicationID\":\"123\",\n\"receiverName\":\"/zebus/192.168.20.27/Daemon/ResourcesService\",\n\"senderName\":\"自己名称\",\n\n}","stacktrace":"main.(*Client).readPump\n\tC:/Users/zoolon/go/src/github.com/wenchangshou2/zebus/src/client.go:114"}
{"level":"error","time":"2019-03-28T10:18:38.713+0800","caller":"C:/Users/zoolon/go/src/github.com/wenchangshou2/zebus/src/client.go:114","msg":"解析json错误:{\n\"Action\":\"closePpt\",\n\"gid\":\"f6fe901885365c12\",\n\"ApplicationID\":\"123\",\n\"receiverName\":\"/zebus/192.168.20.27/Daemon/ResourcesService\",\n\"senderName\":\"自己名称\",\n\n}","stacktrace":"main.(*Client).readPump\n\tC:/Users/zoolon/go/src/github.com/wenchangshou2/zebus/src/client.go:114"}
{"level":"error","time":"2019-03-28T10:21:52.409+0800","caller":"C:/Users/zoolon/go/src/github.com/wenchangshou2/zebus/src/client.go:114","msg":"解析json错误:{\n\"Action\":\"closePpt\",\n\"gid\":\"f6fe901885365c12\",\n\"ApplicationID\":\"123\",\n\"receiverName\":\"/zebus/192.168.20.27/Daemon/ResourcesService\",\n\"senderName\":\"自己名称\",\n\n}","stacktrace":"main.(*Client).readPump\n\tC:/Users/zoolon/go/src/github.com/wenchangshou2/zebus/src/client.go:114"}
{"level":"info","time":"2019-03-28T10:35:03.590+0800","caller":"C:/Users/zoolon/go/src/github.com/wenchangshou2/zebus/src/pkg/logging/logging.go:66","msg":"log 初始化成功"}
{"level":"info","time":"2019-03-28T10:36:05.429+0800","caller":"C:/Users/zoolon/go/src/github.com/wenchangshou2/zebus/src/pkg/logging/logging.go:66","msg":"log 初始化成功"}
{"level":"info","time":"2019-03-28T10:36:29.703+0800","caller":"C:/Users/zoolon/go/src/github.com/wenchangshou2/zebus/src/pkg/logging/logging.go:66","msg":"log 初始化成功"}
{"level":"info","time":"2019-03-28T10:37:54.040+0800","caller":"C:/Users/zoolon/go/src/github.com/wenchangshou2/zebus/src/pkg/logging/logging.go:66","msg":"log 初始化成功"}
{"level":"info","time":"2019-03-28T10:39:31.637+0800","caller":"C:/Users/zoolon/go/src/github.com/wenchangshou2/zebus/src/pkg/logging/logging.go:66","msg":"log 初始化成功"}
{"level":"info","time":"2019-03-28T10:39:49.452+0800","caller":"C:/Users/zoolon/go/src/github.com/wenchangshou2/zebus/src/pkg/logging/logging.go:66","msg":"log 初始化成功"}
{"level":"info","time":"2019-03-28T10:41:10.131+0800","caller":"C:/Users/zoolon/go/src/github.com/wenchangshou2/zebus/src/pkg/logging/logging.go:66","msg":"log 初始化成功"}
{"level":"info","time":"2019-03-28T11:10:57.170+0800","caller":"C:/Users/zoolon/go/src/github.com/wenchangshou2/zebus/src/pkg/logging/logging.go:66","msg":"log 初始化成功"}
{"level":"info","time":"2019-03-28T11:11:15.896+0800","caller":"C:/Users/zoolon/go/src/github.com/wenchangshou2/zebus/src/pkg/logging/logging.go:66","msg":"log 初始化成功"}
{"level":"info","time":"2019-03-28T14:34:48.722+0800","caller":"C:/Users/zoolon/go/src/github.com/wenchangshou2/zebus/src/pkg/logging/logging.go:66","msg":"log 初始化成功"}
{"level":"info","time":"2019-03-28T14:35:10.246+0800","caller":"C:/Users/zoolon/go/src/github.com/wenchangshou2/zebus/src/pkg/logging/logging.go:66","msg":"log 初始化成功"}
{"level":"info","time":"2019-03-28T14:47:42.712+0800","caller":"C:/Users/zoolon/go/src/github.com/wenchangshou2/zebus/src/pkg/logging/logging.go:66","msg":"log 初始化成功"}
{"level":"info","time":"2019-03-28T14:47:57.568+0800","caller":"C:/Users/zoolon/go/src/github.com/wenchangshou2/zebus/src/pkg/logging/logging.go:66","msg":"log 初始化成功"}
{"level":"error","time":"2019-03-28T14:49:31.017+0800","caller":"C:/Users/zoolon/go/src/github.com/wenchangshou2/zebus/src/client.go:114","msg":"解析json错误:{\n    \"receiverName\": \"/zebus/192.168.20.27\",\n    \"Service\": \"volumeCall\",\n    \"Action\": \"setVolume\",\n    \"senderName\": \"/test\"\n    \"Arguments\": {\n        \"volume\": \"50\"\n    }\n}","stacktrace":"main.(*Client).readPump\n\tC:/Users/zoolon/go/src/github.com/wenchangshou2/zebus/src/client.go:114"}
{"level":"error","time":"2019-03-28T14:49:41.850+0800","caller":"C:/Users/zoolon/go/src/github.com/wenchangshou2/zebus/src/client.go:114","msg":"解析json错误:{\n    \"receiverName\": \"/zebus/192.168.20.27\",\n    \"Service\": \"volumeCall\",\n    \"Action\": \"setVolume\",\n    \"senderName\": \"/test\"\n    \"Arguments\": {\n        \"volume\": \"40\"\n    }\n}","stacktrace":"main.(*Client).readPump\n\tC:/Users/zoolon/go/src/github.com/wenchangshou2/zebus/src/client.go:114"}
{"level":"error","time":"2019-03-28T14:52:25.041+0800","caller":"C:/Users/zoolon/go/src/github.com/wenchangshou2/zebus/src/client.go:114","msg":"解析json错误:h.forward<-sendData//进行转发","stacktrace":"main.(*Client).readPump\n\tC:/Users/zoolon/go/src/github.com/wenchangshou2/zebus/src/client.go:114"}
{"level":"info","time":"2019-03-28T14:55:00.722+0800","caller":"C:/Users/zoolon/go/src/github.com/wenchangshou2/zebus/src/pkg/logging/logging.go:66","msg":"log 初始化成功"}
{"level":"info","time":"2019-03-28T14:55:38.613+0800","caller":"C:/Users/zoolon/go/src/github.com/wenchangshou2/zebus/src/pkg/logging/logging.go:66","msg":"log 初始化成功"}
{"level":"info","time":"2019-03-28T14:56:52.252+0800","caller":"C:/Users/zoolon/go/src/github.com/wenchangshou2/zebus/src/pkg/logging/logging.go:66","msg":"log 初始化成功"}
{"level":"info","time":"2019-03-28T15:00:08.328+0800","caller":"C:/Users/zoolon/go/src/github.com/wenchangshou2/zebus/src/pkg/logging/logging.go:66","msg":"log 初始化成功"}
{"level":"info","time":"2019-03-28T15:01:27.121+0800","caller":"C:/Users/zoolon/go/src/github.com/wenchangshou2/zebus/src/pkg/logging/logging.go:66","msg":"log 初始化成功"}
{"level":"info","time":"2019-03-28T15:01:51.316+0800","caller":"C:/Users/zoolon/go/src/github.com/wenchangshou2/zebus/src/pkg/logging/logging.go:66","msg":"log 初始化成功"}
{"level":"info","time":"2019-03-28T15:01:52.962+0800","caller":"C:/Users/zoolon/go/src/github.com/wenchangshou2/zebus/src/pkg/logging/logging.go:66","msg":"log 初始化成功"}
{"level":"info","time":"2019-03-28T15:02:11.277+0800","caller":"C:/Users/zoolon/go/src/github.com/wenchangshou2/zebus/src/pkg/logging/logging.go:66","msg":"log 初始化成功"}
{"level":"info","time":"2019-03-28T15:03:28.863+0800","caller":"C:/Users/zoolon/go/src/github.com/wenchangshou2/zebus/src/pkg/logging/logging.go:66","msg":"log 初始化成功"}
{"level":"info","time":"2019-03-28T15:04:05.077+0800","caller":"C:/Users/zoolon/go/src/github.com/wenchangshou2/zebus/src/pkg/logging/logging.go:66","msg":"log 初始化成功"}
{"level":"info","time":"2019-03-28T15:04:51.494+0800","caller":"C:/Users/zoolon/go/src/github.com/wenchangshou2/zebus/src/pkg/logging/logging.go:66","msg":"log 初始化成功"}
{"level":"info","time":"2019-03-28T15:05:59.537+0800","caller":"C:/Users/zoolon/go/src/github.com/wenchangshou2/zebus/src/pkg/logging/logging.go:66","msg":"log 初始化成功"}
{"level":"info","time":"2019-03-28T15:06:25.770+0800","caller":"C:/Users/zoolon/go/src/github.com/wenchangshou2/zebus/src/pkg/logging/logging.go:66","msg":"log 初始化成功"}
{"level":"info","time":"2019-03-28T15:06:42.711+0800","caller":"C:/Users/zoolon/go/src/github.com/wenchangshou2/zebus/src/pkg/logging/logging.go:66","msg":"log 初始化成功"}
{"level":"info","time":"2019-03-28T15:06:53.270+0800","caller":"C:/Users/zoolon/go/src/github.com/wenchangshou2/zebus/src/pkg/logging/logging.go:66","msg":"log 初始化成功"}
{"level":"info","time":"2019-03-28T15:08:13.207+0800","caller":"C:/Users/zoolon/go/src/github.com/wenchangshou2/zebus/src/pkg/logging/logging.go:66","msg":"log 初始化成功"}
{"level":"error","time":"2019-03-28T15:10:30.328+0800","caller":"C:/Users/zoolon/go/src/github.com/wenchangshou2/zebus/src/client.go:114","msg":"解析json错误:\"Action\": \"setVolume\",","stacktrace":"main.(*Client).readPump\n\tC:/Users/zoolon/go/src/github.com/wenchangshou2/zebus/src/client.go:114"}
{"level":"info","time":"2019-03-28T15:11:00.658+0800","caller":"C:/Users/zoolon/go/src/github.com/wenchangshou2/zebus/src/pkg/logging/logging.go:66","msg":"log 初始化成功"}
{"level":"info","time":"2019-03-28T15:13:19.694+0800","caller":"C:/Users/zoolon/go/src/github.com/wenchangshou2/zebus/src/pkg/logging/logging.go:66","msg":"log 初始化成功"}
{"level":"info","time":"2019-03-28T15:14:03.147+0800","caller":"C:/Users/zoolon/go/src/github.com/wenchangshou2/zebus/src/pkg/logging/logging.go:66","msg":"log 初始化成功"}
{"level":"info","time":"2019-03-28T15:14:19.615+0800","caller":"C:/Users/zoolon/go/src/github.com/wenchangshou2/zebus/src/pkg/logging/logging.go:66","msg":"log 初始化成功"}
{"level":"info","time":"2019-03-28T15:18:11.914+0800","caller":"C:/Users/zoolon/go/src/github.com/wenchangshou2/zebus/src/pkg/logging/logging.go:66","msg":"log 初始化成功"}
{"level":"info","time":"2019-03-28T15:19:52.891+0800","caller":"C:/Users/zoolon/go/src/github.com/wenchangshou2/zebus/src/pkg/logging/logging.go:66","msg":"log 初始化成功"}
{"level":"info","time":"2019-03-28T15:20:24.149+0800","caller":"C:/Users/zoolon/go/src/github.com/wenchangshou2/zebus/src/pkg/logging/logging.go:66","msg":"log 初始化成功"}
{"level":"info","time":"2019-03-28T15:25:13.300+0800","caller":"C:/Users/zoolon/go/src/github.com/wenchangshou2/zebus/src/pkg/logging/logging.go:66","msg":"log 初始化成功"}
{"level":"info","time":"2019-03-28T15:25:25.165+0800","caller":"C:/Users/zoolon/go/src/github.com/wenchangshou2/zebus/src/pkg/logging/logging.go:66","msg":"log 初始化成功"}
{"level":"info","time":"2019-03-28T15:27:28.305+0800","caller":"C:/Users/zoolon/go/src/github.com/wenchangshou2/zebus/src/pkg/logging/logging.go:66","msg":"log 初始化成功"}
{"level":"info","time":"2019-03-28T15:28:51.896+0800","caller":"C:/Users/zoolon/go/src/github.com/wenchangshou2/zebus/src/pkg/logging/logging.go:66","msg":"log 初始化成功"}
{"level":"info","time":"2019-03-28T15:30:00.275+0800","caller":"C:/Users/zoolon/go/src/github.com/wenchangshou2/zebus/src/pkg/logging/logging.go:66","msg":"log 初始化成功"}
{"level":"error","time":"2019-03-28T15:37:52.687+0800","caller":"C:/Users/zoolon/go/src/github.com/wenchangshou2/zebus/src/client.go:114","msg":"解析json错误:h.zebus.send<-message","stacktrace":"main.(*Client).readPump\n\tC:/Users/zoolon/go/src/github.com/wenchangshou2/zebus/src/client.go:114"}
{"level":"error","time":"2019-03-28T15:45:54.243+0800","caller":"C:/Users/zoolon/go/src/github.com/wenchangshou2/zebus/src/client.go:114","msg":"解析json错误:","stacktrace":"main.(*Client).readPump\n\tC:/Users/zoolon/go/src/github.com/wenchangshou2/zebus/src/client.go:114"}
{"level":"error","time":"2019-03-28T15:46:09.151+0800","caller":"C:/Users/zoolon/go/src/github.com/wenchangshou2/zebus/src/client.go:114","msg":"解析json错误:","stacktrace":"main.(*Client).readPump\n\tC:/Users/zoolon/go/src/github.com/wenchangshou2/zebus/src/client.go:114"}
{"level":"info","time":"2019-03-28T15:47:08.573+0800","caller":"C:/Users/zoolon/go/src/github.com/wenchangshou2/zebus/src/pkg/logging/logging.go:66","msg":"log 初始化成功"}
{"level":"error","time":"2019-03-28T15:47:17.415+0800","caller":"C:/Users/zoolon/go/src/github.com/wenchangshou2/zebus/src/client.go:115","msg":"解析json错误:","stacktrace":"main.(*Client).readPump\n\tC:/Users/zoolon/go/src/github.com/wenchangshou2/zebus/src/client.go:115"}
{"level":"info","time":"2019-03-28T16:40:54.249+0800","caller":"C:/Users/zoolon/go/src/github.com/wenchangshou2/zebus/src/pkg/logging/logging.go:66","msg":"log 初始化成功"}
{"level":"info","time":"2019-03-28T16:43:00.003+0800","caller":"C:/Users/zoolon/go/src/github.com/wenchangshou2/zebus/src/pkg/logging/logging.go:66","msg":"log 初始化成功"}
{"level":"error","time":"2019-03-28T16:51:48.582+0800","caller":"C:/Users/zoolon/go/src/github.com/wenchangshou2/zebus/src/client.go:114","msg":"解析json错误:fmt.Println(\"open video\",cmd,argumentStr)","stacktrace":"main.(*Client).readPump\n\tC:/Users/zoolon/go/src/github.com/wenchangshou2/zebus/src/client.go:114"}
{"level":"error","time":"2019-03-28T17:15:59.673+0800","caller":"C:/Users/zoolon/go/src/github.com/wenchangshou2/zebus/src/client.go:114","msg":"解析json错误:{\n\"Action\":\"openVideo\",\n\"gid\":\"f6fe901885365c12\",\n\"ApplicationID\":\"8002\",\n\"receiverName\":\"/zebus/192.168.20.27/ResourceService\",\n\"senderName\":\"自己名称\",\n\"Arguments\":{\n\"x\":0,\n\"y\":0,\n\"w\":1024,\n\"h\":768\n}\n}\n{\n    \"Action\": \"addDownloadTask\",\n    \"downloadUri\": \"http://192.168.20.27:8888/btn.zip\",\n    \"applicationId\": \"802\",\n    \"service\": \"/pptPlayer\",\n    \"md5\": \"11223344\",\n    \"startupPath\": \"btn.mp4\",\n    \"receiverName\": \"/zebus/192.168.20.27/ResourcesService\",\n    \"senderName\": \"自己名称\"\n}","stacktrace":"main.(*Client).readPump\n\tC:/Users/zoolon/go/src/github.com/wenchangshou2/zebus/src/client.go:114"}
{"level":"error","time":"2019-03-28T17:18:14.623+0800","caller":"C:/Users/zoolon/go/src/github.com/wenchangshou2/zebus/src/client.go:114","msg":"解析json错误:{\n“Action”: “addDownloadTask”,\n“downloadUri”: “http://192.168.20.27:8888/btn.zip“,\n“applicationId”: “802”,\n“service”: “/pptPlayer”,\n“md5”: “11223344”,\n“startupPath”: “btn.mp4”,\n“receiverName”: “/zebus/192.168.20.27/ResourcesService”,\n“senderName”: “自己名称”\n}","stacktrace":"main.(*Client).readPump\n\tC:/Users/zoolon/go/src/github.com/wenchangshou2/zebus/src/client.go:114"}
{"level":"error","time":"2019-03-28T17:18:25.785+0800","caller":"C:/Users/zoolon/go/src/github.com/wenchangshou2/zebus/src/client.go:114","msg":"解析json错误:{\n“Action”: “addDownloadTask”,\n“downloadUri”: “http://192.168.20.27:8888/btn.zip“,\n“applicationId”: “802”,\n“service”: “/pptPlayer”,\n“md5”: “11223344”,\n“startupPath”: “btn.mp4”,\n“receiverName”: “/zebus/192.168.20.27/ResourcesService”,\n“senderName”: “自己名称”\n}","stacktrace":"main.(*Client).readPump\n\tC:/Users/zoolon/go/src/github.com/wenchangshou2/zebus/src/client.go:114"}
{"level":"info","time":"2019-03-28T17:21:34.771+0800","caller":"C:/Users/zoolon/go/src/github.com/wenchangshou2/zebus/src/pkg/logging/logging.go:66","msg":"log 初始化成功"}
{"level":"info","time":"2019-03-28T18:10:24.138+0800","caller":"C:/Users/zoolon/go/src/github.com/wenchangshou2/zebus/src/pkg/logging/logging.go:66","msg":"log 初始化成功"}
{"level":"info","time":"2019-03-28T18:10:43.883+0800","caller":"C:/Users/zoolon/go/src/github.com/wenchangshou2/zebus/src/pkg/logging/logging.go:66","msg":"log 初始化成功"}
{"level":"info","time":"2019-03-28T18:18:57.625+0800","caller":"C:/Users/zoolon/go/src/github.com/wenchangshou2/zebus/src/pkg/logging/logging.go:66","msg":"log 初始化成功"}
