{}
{}
{}
{}
{"level":"info","time":"2019-03-14T16:49:16.477+0800","caller":"C:/Users/zoolon/go/src/github.com/wenchangshou2/zebus/src/pkg/logging/logging.go:64","msg":"log 初始化成功","serviceName":"spikeProxy"}
{"level":"info","time":"2019-03-14T16:49:27.065+0800","caller":"C:/Users/zoolon/go/src/github.com/wenchangshou2/zebus/src/pkg/logging/logging.go:64","msg":"log 初始化成功"}
{"level":"info","time":"2019-03-14T16:50:08.615+0800","caller":"C:/Users/zoolon/go/src/github.com/wenchangshou2/zebus/src/pkg/logging/logging.go:66","msg":"log 初始化成功"}
{"level":"info","time":"2019-03-14T17:08:07.292+0800","caller":"C:/Users/zoolon/go/src/github.com/wenchangshou2/zebus/src/pkg/logging/logging.go:66","msg":"log 初始化成功"}
{"level":"info","time":"2019-03-14T17:09:38.421+0800","caller":"C:/Users/zoolon/go/src/github.com/wenchangshou2/zebus/src/pkg/logging/logging.go:66","msg":"log 初始化成功"}
{"level":"info","time":"2019-03-14T17:12:25.511+0800","caller":"C:/Users/zoolon/go/src/github.com/wenchangshou2/zebus/src/pkg/logging/logging.go:66","msg":"log 初始化成功"}
{"level":"info","time":"2019-03-14T22:18:47.550+0800","caller":"C:/Users/wench/go/src/github.com/wenchangshou2/zebus/src/pkg/logging/logging.go:66","msg":"log 初始化成功"}
{"level":"info","time":"2019-03-14T22:43:37.600+0800","caller":"C:/Users/wench/go/src/github.com/wenchangshou2/zebus/src/pkg/logging/logging.go:66","msg":"log 初始化成功"}
{"level":"error","time":"2019-03-14T22:45:29.755+0800","caller":"C:/Users/wench/go/src/github.com/wenchangshou2/zebus/src/client.go:72","msg":"解析json错误:{\"messageType\":\"RegisterToDaemon\",\"SocketName\":\"测试\",\"SocketType\":\"Controller\"}","stacktrace":"main.(*Client).readPump\n\tC:/Users/wench/go/src/github.com/wenchangshou2/zebus/src/client.go:72"}
{"level":"error","time":"2019-03-14T22:45:45.283+0800","caller":"C:/Users/wench/go/src/github.com/wenchangshou2/zebus/src/client.go:72","msg":"解析json错误:{\n\t\"messageType\": \"RegisterToDaemon\",\n\t\"SocketName\": \"测试\",\n\t\"SocketType\": \"Controller\"\n}","stacktrace":"main.(*Client).readPump\n\tC:/Users/wench/go/src/github.com/wenchangshou2/zebus/src/client.go:72"}
{"level":"info","time":"2019-03-14T22:46:56.624+0800","caller":"C:/Users/wench/go/src/github.com/wenchangshou2/zebus/src/pkg/logging/logging.go:66","msg":"log 初始化成功"}
{"level":"error","time":"2019-03-14T22:47:01.079+0800","caller":"C:/Users/wench/go/src/github.com/wenchangshou2/zebus/src/client.go:72","msg":"解析json错误:{\n\t\"messageType\": \"RegisterToDaemon\",\n\t\"SocketName\": \"测试\",\n\t\"SocketType\": \"Controller\"\n}","stacktrace":"main.(*Client).readPump\n\tC:/Users/wench/go/src/github.com/wenchangshou2/zebus/src/client.go:72"}
{"level":"info","time":"2019-03-14T22:47:19.931+0800","caller":"C:/Users/wench/go/src/github.com/wenchangshou2/zebus/src/pkg/logging/logging.go:66","msg":"log 初始化成功"}
{"level":"error","time":"2019-03-14T22:47:21.621+0800","caller":"C:/Users/wench/go/src/github.com/wenchangshou2/zebus/src/client.go:73","msg":"解析json错误:{\n\t\"messageType\": \"RegisterToDaemon\",\n\t\"SocketName\": \"测试\",\n\t\"SocketType\": \"Controller\"\n}","stacktrace":"main.(*Client).readPump\n\tC:/Users/wench/go/src/github.com/wenchangshou2/zebus/src/client.go:73"}
{"level":"info","time":"2019-03-14T22:47:37.591+0800","caller":"C:/Users/wench/go/src/github.com/wenchangshou2/zebus/src/pkg/logging/logging.go:66","msg":"log 初始化成功"}
{"level":"info","time":"2019-03-14T22:47:58.116+0800","caller":"C:/Users/wench/go/src/github.com/wenchangshou2/zebus/src/pkg/logging/logging.go:66","msg":"log 初始化成功"}
{"level":"error","time":"2019-03-14T22:48:23.191+0800","caller":"C:/Users/wench/go/src/github.com/wenchangshou2/zebus/src/client.go:73","msg":"解析json错误:RegisterToDaemon","stacktrace":"main.(*Client).readPump\n\tC:/Users/wench/go/src/github.com/wenchangshou2/zebus/src/client.go:73"}
{"level":"info","time":"2019-03-14T22:49:04.288+0800","caller":"C:/Users/wench/go/src/github.com/wenchangshou2/zebus/src/pkg/logging/logging.go:66","msg":"log 初始化成功"}
{"level":"info","time":"2019-03-14T22:49:24.952+0800","caller":"C:/Users/wench/go/src/github.com/wenchangshou2/zebus/src/pkg/logging/logging.go:66","msg":"log 初始化成功"}
{"level":"info","time":"2019-03-14T23:02:47.586+0800","caller":"C:/Users/wench/go/src/github.com/wenchangshou2/zebus/src/pkg/logging/logging.go:66","msg":"log 初始化成功"}
{"level":"info","time":"2019-03-14T23:03:58.638+0800","caller":"C:/Users/wench/go/src/github.com/wenchangshou2/zebus/src/pkg/logging/logging.go:66","msg":"log 初始化成功"}
{"level":"info","time":"2019-03-14T23:07:07.442+0800","caller":"C:/Users/wench/go/src/github.com/wenchangshou2/zebus/src/pkg/logging/logging.go:66","msg":"log 初始化成功"}
{"level":"info","time":"2019-03-14T23:07:35.584+0800","caller":"C:/Users/wench/go/src/github.com/wenchangshou2/zebus/src/pkg/logging/logging.go:66","msg":"log 初始化成功"}
{"level":"info","time":"2019-03-14T23:08:26.654+0800","caller":"C:/Users/wench/go/src/github.com/wenchangshou2/zebus/src/pkg/logging/logging.go:66","msg":"log 初始化成功"}
{"level":"info","time":"2019-03-14T23:08:52.367+0800","caller":"C:/Users/wench/go/src/github.com/wenchangshou2/zebus/src/pkg/logging/logging.go:66","msg":"log 初始化成功"}
{"level":"info","time":"2019-03-14T23:09:23.551+0800","caller":"C:/Users/wench/go/src/github.com/wenchangshou2/zebus/src/pkg/logging/logging.go:66","msg":"log 初始化成功"}
{"level":"info","time":"2019-03-14T23:16:20.151+0800","caller":"C:/Users/wench/go/src/github.com/wenchangshou2/zebus/src/pkg/logging/logging.go:66","msg":"log 初始化成功"}
