{"level":"info","time":"2019-06-17T11:08:01.409+0800","caller":"F:/go/zebus/src/pkg/logging/logging.go:75","msg":"log 初始化成功"}
{"level":"info","time":"2019-06-17T11:08:46.894+0800","caller":"F:/go/zebus/src/pkg/logging/logging.go:75","msg":"log 初始化成功"}
{"level":"info","time":"2019-06-17T11:09:02.221+0800","caller":"F:/go/zebus/src/pkg/logging/logging.go:75","msg":"log 初始化成功"}
{"level":"info","time":"2019-06-17T11:09:11.981+0800","caller":"F:/go/zebus/src/pkg/logging/logging.go:75","msg":"log 初始化成功"}
{"level":"info","time":"2019-06-17T11:09:15.645+0800","caller":"F:/go/zebus/src/pkg/logging/logging.go:75","msg":"log 初始化成功"}
{"level":"info","time":"2019-06-17T11:09:16.976+0800","caller":"F:/go/zebus/src/pkg/logging/logging.go:75","msg":"log 初始化成功"}
{"level":"info","time":"2019-06-17T11:09:30.862+0800","caller":"F:/go/zebus/src/pkg/logging/logging.go:75","msg":"log 初始化成功"}
{"level":"info","time":"2019-06-17T11:10:21.657+0800","caller":"F:/go/zebus/src/pkg/logging/logging.go:75","msg":"log 初始化成功"}
{"level":"info","time":"2019-06-17T11:12:41.461+0800","caller":"F:/go/zebus/src/pkg/logging/logging.go:75","msg":"log 初始化成功"}
{"level":"info","time":"2019-06-17T11:12:47.601+0800","caller":"F:/go/zebus/src/pkg/logging/logging.go:75","msg":"log 初始化成功"}
{"level":"info","time":"2019-06-17T11:13:51.092+0800","caller":"F:/go/zebus/src/pkg/logging/logging.go:75","msg":"log 初始化成功"}
{"level":"info","time":"2019-06-17T11:15:56.808+0800","caller":"F:/go/zebus/src/pkg/logging/logging.go:75","msg":"log 初始化成功"}
{"level":"info","time":"2019-06-17T11:15:56.809+0800","caller":"F:/go/zebus/src/schedule.go:15","msg":"开始启动调度"}
{"level":"info","time":"2019-06-17T11:15:56.809+0800","caller":"F:/go/zebus/src/schedule.go:23","msg":"正在配置etcd"}
{"level":"error","time":"2019-06-17T11:16:01.809+0800","caller":"F:/go/zebus/src/main.go:39","msg":"创建调度失败","stacktrace":"main.(*Service).Start\n\tF:/go/zebus/src/main.go:39\ngithub.com/kardianos/service.(*windowsService).Execute\n\tC:/Users/zoolon/go/pkg/mod/github.com/kardianos/service@v1.0.0/service_windows.go:167\ngolang.org/x/sys/windows/svc.(*service).run.func1\n\tC:/Users/zoolon/go/pkg/mod/golang.org/x/sys@v0.0.0-20190215142949-d0b11bdaac8a/windows/svc/service.go:237"}
{"level":"info","time":"2019-06-17T11:16:41.735+0800","caller":"F:/go/zebus/src/pkg/logging/logging.go:75","msg":"log 初始化成功"}
{"level":"info","time":"2019-06-17T11:16:41.736+0800","caller":"F:/go/zebus/src/schedule.go:15","msg":"开始启动调度"}
{"level":"info","time":"2019-06-17T11:16:41.736+0800","caller":"F:/go/zebus/src/schedule.go:23","msg":"正在配置etcd"}
{"level":"error","time":"2019-06-17T11:16:46.736+0800","caller":"F:/go/zebus/src/main.go:39","msg":"创建调度失败","stacktrace":"main.(*Service).Start\n\tF:/go/zebus/src/main.go:39\ngithub.com/kardianos/service.(*windowsService).Execute\n\tC:/Users/zoolon/go/pkg/mod/github.com/kardianos/service@v1.0.0/service_windows.go:167\ngolang.org/x/sys/windows/svc.(*service).run.func1\n\tC:/Users/zoolon/go/pkg/mod/golang.org/x/sys@v0.0.0-20190215142949-d0b11bdaac8a/windows/svc/service.go:237"}
{"level":"info","time":"2019-06-17T11:17:28.484+0800","caller":"F:/go/zebus/src/pkg/logging/logging.go:75","msg":"log 初始化成功"}
{"level":"info","time":"2019-06-17T11:17:28.484+0800","caller":"F:/go/zebus/src/schedule.go:15","msg":"开始启动调度"}
{"level":"info","time":"2019-06-17T11:17:28.484+0800","caller":"F:/go/zebus/src/schedule.go:23","msg":"正在配置etcd"}
{"level":"error","time":"2019-06-17T11:17:33.486+0800","caller":"F:/go/zebus/src/main.go:39","msg":"创建调度失败","stacktrace":"main.(*Service).Start\n\tF:/go/zebus/src/main.go:39\ngithub.com/kardianos/service.(*windowsService).Execute\n\tC:/Users/zoolon/go/pkg/mod/github.com/kardianos/service@v1.0.0/service_windows.go:167\ngolang.org/x/sys/windows/svc.(*service).run.func1\n\tC:/Users/zoolon/go/pkg/mod/golang.org/x/sys@v0.0.0-20190215142949-d0b11bdaac8a/windows/svc/service.go:237"}
{"level":"info","time":"2019-06-17T11:20:40.313+0800","caller":"F:/go/zebus/src/pkg/logging/logging.go:75","msg":"log 初始化成功"}
{"level":"info","time":"2019-06-17T11:20:40.344+0800","caller":"F:/go/zebus/src/schedule.go:15","msg":"开始启动调度"}
{"level":"info","time":"2019-06-17T11:20:40.344+0800","caller":"F:/go/zebus/src/schedule.go:23","msg":"正在配置etcd"}
{"level":"error","time":"2019-06-17T11:20:45.344+0800","caller":"F:/go/zebus/src/main.go:39","msg":"创建调度失败","stacktrace":"main.(*Service).Start\n\tF:/go/zebus/src/main.go:39\ngithub.com/kardianos/service.(*windowsService).Execute\n\tC:/Users/zoolon/go/pkg/mod/github.com/kardianos/service@v1.0.0/service_windows.go:167\ngolang.org/x/sys/windows/svc.(*service).run.func1\n\tC:/Users/zoolon/go/pkg/mod/golang.org/x/sys@v0.0.0-20190215142949-d0b11bdaac8a/windows/svc/service.go:237"}
{"level":"info","time":"2019-06-17T11:20:57.670+0800","caller":"F:/go/zebus/src/pkg/logging/logging.go:75","msg":"log 初始化成功"}
{"level":"info","time":"2019-06-17T11:20:57.670+0800","caller":"F:/go/zebus/src/schedule.go:15","msg":"开始启动调度"}
{"level":"info","time":"2019-06-17T11:20:57.670+0800","caller":"F:/go/zebus/src/schedule.go:23","msg":"正在配置etcd"}
{"level":"error","time":"2019-06-17T11:21:02.671+0800","caller":"F:/go/zebus/src/main.go:39","msg":"创建调度失败","stacktrace":"main.(*Service).Start\n\tF:/go/zebus/src/main.go:39\ngithub.com/kardianos/service.(*windowsService).Execute\n\tC:/Users/zoolon/go/pkg/mod/github.com/kardianos/service@v1.0.0/service_windows.go:167\ngolang.org/x/sys/windows/svc.(*service).run.func1\n\tC:/Users/zoolon/go/pkg/mod/golang.org/x/sys@v0.0.0-20190215142949-d0b11bdaac8a/windows/svc/service.go:237"}
{"level":"info","time":"2019-06-17T11:26:17.681+0800","caller":"F:/go/zebus/src/pkg/logging/logging.go:75","msg":"log 初始化成功"}
{"level":"info","time":"2019-06-17T11:26:17.682+0800","caller":"F:/go/zebus/src/schedule.go:15","msg":"开始启动调度"}
{"level":"info","time":"2019-06-17T11:26:17.682+0800","caller":"F:/go/zebus/src/schedule.go:23","msg":"正在配置etcd"}
{"level":"error","time":"2019-06-17T11:26:22.683+0800","caller":"F:/go/zebus/src/main.go:39","msg":"创建调度失败","stacktrace":"main.(*Service).Start\n\tF:/go/zebus/src/main.go:39\ngithub.com/kardianos/service.(*windowsService).Execute\n\tC:/Users/zoolon/go/pkg/mod/github.com/kardianos/service@v1.0.0/service_windows.go:167\ngolang.org/x/sys/windows/svc.(*service).run.func1\n\tC:/Users/zoolon/go/pkg/mod/golang.org/x/sys@v0.0.0-20190215142949-d0b11bdaac8a/windows/svc/service.go:237"}
{"level":"info","time":"2019-06-17T11:28:40.701+0800","caller":"F:/go/zebus/src/pkg/logging/logging.go:75","msg":"log 初始化成功"}
{"level":"info","time":"2019-06-17T11:28:40.702+0800","caller":"F:/go/zebus/src/schedule.go:15","msg":"开始启动调度"}
{"level":"info","time":"2019-06-17T11:28:40.702+0800","caller":"F:/go/zebus/src/schedule.go:23","msg":"正在配置etcd"}
{"level":"error","time":"2019-06-17T11:28:45.703+0800","caller":"F:/go/zebus/src/main.go:39","msg":"创建调度失败","stacktrace":"main.(*Service).Start\n\tF:/go/zebus/src/main.go:39\ngithub.com/kardianos/service.(*windowsService).Execute\n\tC:/Users/zoolon/go/pkg/mod/github.com/kardianos/service@v1.0.0/service_windows.go:167\ngolang.org/x/sys/windows/svc.(*service).run.func1\n\tC:/Users/zoolon/go/pkg/mod/golang.org/x/sys@v0.0.0-20190215142949-d0b11bdaac8a/windows/svc/service.go:237"}
{"level":"info","time":"2019-06-17T11:49:49.364+0800","caller":"F:/go/zebus/src/pkg/logging/logging.go:75","msg":"log 初始化成功"}
{"level":"info","time":"2019-06-17T11:49:49.383+0800","caller":"F:/go/zebus/src/schedule.go:19","msg":"开始启动调度"}
{"level":"info","time":"2019-06-17T11:49:49.383+0800","caller":"F:/go/zebus/src/schedule.go:27","msg":"正在配置etcd"}
{"level":"info","time":"2019-06-17T11:49:49.396+0800","caller":"F:/go/zebus/src/WorkerMgr.go:52","msg":"info workermgr success"}
{"level":"info","time":"2019-06-17T11:49:49.401+0800","caller":"F:/go/zebus/src/schedule.go:37","msg":"启动etcd WorkerMgr 成功"}
{"level":"info","time":"2019-06-17T11:52:19.624+0800","caller":"F:/go/zebus/src/pkg/logging/logging.go:75","msg":"log 初始化成功"}
{"level":"info","time":"2019-06-17T11:52:19.625+0800","caller":"F:/go/zebus/src/schedule.go:19","msg":"开始启动调度"}
{"level":"info","time":"2019-06-17T11:52:19.625+0800","caller":"F:/go/zebus/src/schedule.go:27","msg":"正在配置etcd"}
{"level":"error","time":"2019-06-17T11:52:24.625+0800","caller":"F:/go/zebus/src/schedule.go:31","msg":"创建 etcd workerear 失败","stacktrace":"main.InitSchedume\n\tF:/go/zebus/src/schedule.go:31\nmain.(*Service).Start\n\tF:/go/zebus/src/main.go:38\ngithub.com/kardianos/service.(*windowsService).Execute\n\tC:/Users/zoolon/go/pkg/mod/github.com/kardianos/service@v1.0.0/service_windows.go:167\ngolang.org/x/sys/windows/svc.(*service).run.func1\n\tC:/Users/zoolon/go/pkg/mod/golang.org/x/sys@v0.0.0-20190215142949-d0b11bdaac8a/windows/svc/service.go:237"}
{"level":"info","time":"2019-06-17T11:52:24.625+0800","caller":"F:/go/zebus/src/schedule.go:44","msg":"etcd 服务启动失败,当前为第9次尝试"}
{"level":"error","time":"2019-06-17T11:52:39.626+0800","caller":"F:/go/zebus/src/schedule.go:31","msg":"创建 etcd workerear 失败","stacktrace":"main.InitSchedume\n\tF:/go/zebus/src/schedule.go:31\nmain.(*Service).Start\n\tF:/go/zebus/src/main.go:38\ngithub.com/kardianos/service.(*windowsService).Execute\n\tC:/Users/zoolon/go/pkg/mod/github.com/kardianos/service@v1.0.0/service_windows.go:167\ngolang.org/x/sys/windows/svc.(*service).run.func1\n\tC:/Users/zoolon/go/pkg/mod/golang.org/x/sys@v0.0.0-20190215142949-d0b11bdaac8a/windows/svc/service.go:237"}
{"level":"info","time":"2019-06-17T11:52:39.626+0800","caller":"F:/go/zebus/src/schedule.go:44","msg":"etcd 服务启动失败,当前为第8次尝试"}
{"level":"error","time":"2019-06-17T11:52:54.627+0800","caller":"F:/go/zebus/src/schedule.go:31","msg":"创建 etcd workerear 失败","stacktrace":"main.InitSchedume\n\tF:/go/zebus/src/schedule.go:31\nmain.(*Service).Start\n\tF:/go/zebus/src/main.go:38\ngithub.com/kardianos/service.(*windowsService).Execute\n\tC:/Users/zoolon/go/pkg/mod/github.com/kardianos/service@v1.0.0/service_windows.go:167\ngolang.org/x/sys/windows/svc.(*service).run.func1\n\tC:/Users/zoolon/go/pkg/mod/golang.org/x/sys@v0.0.0-20190215142949-d0b11bdaac8a/windows/svc/service.go:237"}
{"level":"info","time":"2019-06-17T11:52:54.627+0800","caller":"F:/go/zebus/src/schedule.go:44","msg":"etcd 服务启动失败,当前为第7次尝试"}
{"level":"error","time":"2019-06-17T11:53:09.628+0800","caller":"F:/go/zebus/src/schedule.go:31","msg":"创建 etcd workerear 失败","stacktrace":"main.InitSchedume\n\tF:/go/zebus/src/schedule.go:31\nmain.(*Service).Start\n\tF:/go/zebus/src/main.go:38\ngithub.com/kardianos/service.(*windowsService).Execute\n\tC:/Users/zoolon/go/pkg/mod/github.com/kardianos/service@v1.0.0/service_windows.go:167\ngolang.org/x/sys/windows/svc.(*service).run.func1\n\tC:/Users/zoolon/go/pkg/mod/golang.org/x/sys@v0.0.0-20190215142949-d0b11bdaac8a/windows/svc/service.go:237"}
{"level":"info","time":"2019-06-17T11:53:09.628+0800","caller":"F:/go/zebus/src/schedule.go:44","msg":"etcd 服务启动失败,当前为第6次尝试"}
{"level":"error","time":"2019-06-17T11:53:24.629+0800","caller":"F:/go/zebus/src/schedule.go:31","msg":"创建 etcd workerear 失败","stacktrace":"main.InitSchedume\n\tF:/go/zebus/src/schedule.go:31\nmain.(*Service).Start\n\tF:/go/zebus/src/main.go:38\ngithub.com/kardianos/service.(*windowsService).Execute\n\tC:/Users/zoolon/go/pkg/mod/github.com/kardianos/service@v1.0.0/service_windows.go:167\ngolang.org/x/sys/windows/svc.(*service).run.func1\n\tC:/Users/zoolon/go/pkg/mod/golang.org/x/sys@v0.0.0-20190215142949-d0b11bdaac8a/windows/svc/service.go:237"}
{"level":"info","time":"2019-06-17T11:53:24.629+0800","caller":"F:/go/zebus/src/schedule.go:44","msg":"etcd 服务启动失败,当前为第5次尝试"}
{"level":"error","time":"2019-06-17T11:53:39.631+0800","caller":"F:/go/zebus/src/schedule.go:31","msg":"创建 etcd workerear 失败","stacktrace":"main.InitSchedume\n\tF:/go/zebus/src/schedule.go:31\nmain.(*Service).Start\n\tF:/go/zebus/src/main.go:38\ngithub.com/kardianos/service.(*windowsService).Execute\n\tC:/Users/zoolon/go/pkg/mod/github.com/kardianos/service@v1.0.0/service_windows.go:167\ngolang.org/x/sys/windows/svc.(*service).run.func1\n\tC:/Users/zoolon/go/pkg/mod/golang.org/x/sys@v0.0.0-20190215142949-d0b11bdaac8a/windows/svc/service.go:237"}
{"level":"info","time":"2019-06-17T11:53:39.631+0800","caller":"F:/go/zebus/src/schedule.go:44","msg":"etcd 服务启动失败,当前为第4次尝试"}
{"level":"info","time":"2019-06-17T11:53:51.822+0800","caller":"F:/go/zebus/src/WorkerMgr.go:52","msg":"info workermgr success"}
{"level":"info","time":"2019-06-17T11:53:51.831+0800","caller":"F:/go/zebus/src/schedule.go:37","msg":"启动etcd WorkerMgr 成功"}
{"level":"info","time":"2019-06-17T13:59:29.519+0800","caller":"F:/go/zebus/src/pkg/logging/logging.go:75","msg":"log 初始化成功"}
{"level":"info","time":"2019-06-17T13:59:29.555+0800","caller":"F:/go/zebus/src/schedule.go:15","msg":"开始启动调度"}
{"level":"info","time":"2019-06-17T13:59:29.556+0800","caller":"F:/go/zebus/src/schedule.go:23","msg":"正在配置etcd"}
{"level":"info","time":"2019-06-17T14:06:08.413+0800","caller":"F:/go/zebus/src/pkg/logging/logging.go:75","msg":"log 初始化成功"}
{"level":"info","time":"2019-06-17T14:06:08.414+0800","caller":"F:/go/zebus/src/schedule.go:15","msg":"开始启动调度"}
{"level":"info","time":"2019-06-17T14:06:08.416+0800","caller":"F:/go/zebus/src/schedule.go:23","msg":"正在配置etcd"}
{"level":"info","time":"2019-06-17T14:06:12.279+0800","caller":"F:/go/zebus/src/pkg/logging/logging.go:75","msg":"log 初始化成功"}
{"level":"info","time":"2019-06-17T14:06:12.281+0800","caller":"F:/go/zebus/src/schedule.go:19","msg":"开始启动调度"}
{"level":"info","time":"2019-06-17T14:06:12.283+0800","caller":"F:/go/zebus/src/schedule.go:27","msg":"正在配置etcd"}
{"level":"info","time":"2019-06-17T14:06:12.316+0800","caller":"F:/go/zebus/src/WorkerMgr.go:52","msg":"info workermgr success"}
{"level":"info","time":"2019-06-17T14:06:12.327+0800","caller":"F:/go/zebus/src/schedule.go:37","msg":"启动etcd WorkerMgr 成功"}
{"level":"info","time":"2019-06-17T14:09:26.432+0800","caller":"F:/go/zebus/src/pkg/logging/logging.go:75","msg":"log 初始化成功"}
{"level":"info","time":"2019-06-17T14:09:26.433+0800","caller":"F:/go/zebus/src/schedule.go:15","msg":"开始启动调度"}
{"level":"info","time":"2019-06-17T14:09:26.436+0800","caller":"F:/go/zebus/src/schedule.go:23","msg":"正在配置etcd"}
{"level":"info","time":"2019-06-17T14:10:35.860+0800","caller":"F:/go/zebus/src/pkg/logging/logging.go:75","msg":"log 初始化成功"}
{"level":"info","time":"2019-06-17T14:10:35.861+0800","caller":"F:/go/zebus/src/schedule.go:15","msg":"开始启动调度"}
{"level":"info","time":"2019-06-17T14:10:35.867+0800","caller":"F:/go/zebus/src/schedule.go:23","msg":"正在配置etcd"}
{"level":"info","time":"2019-06-17T14:11:23.492+0800","caller":"F:/go/zebus/src/pkg/logging/logging.go:75","msg":"log 初始化成功"}
{"level":"info","time":"2019-06-17T14:11:23.492+0800","caller":"F:/go/zebus/src/schedule.go:15","msg":"开始启动调度"}
{"level":"info","time":"2019-06-17T14:11:23.494+0800","caller":"F:/go/zebus/src/schedule.go:23","msg":"正在配置etcd"}
{"level":"info","time":"2019-06-17T14:11:39.916+0800","caller":"F:/go/zebus/src/pkg/logging/logging.go:75","msg":"log 初始化成功"}
{"level":"info","time":"2019-06-17T14:11:39.916+0800","caller":"F:/go/zebus/src/schedule.go:15","msg":"开始启动调度"}
{"level":"info","time":"2019-06-17T14:11:39.919+0800","caller":"F:/go/zebus/src/schedule.go:23","msg":"正在配置etcd"}
{"level":"info","time":"2019-06-17T14:12:23.690+0800","caller":"F:/go/zebus/src/pkg/logging/logging.go:75","msg":"log 初始化成功"}
{"level":"info","time":"2019-06-17T14:12:23.706+0800","caller":"F:/go/zebus/src/schedule.go:15","msg":"开始启动调度"}
{"level":"info","time":"2019-06-17T14:12:23.707+0800","caller":"F:/go/zebus/src/schedule.go:23","msg":"正在配置etcd"}
{"level":"info","time":"2019-06-17T14:13:29.325+0800","caller":"F:/go/zebus/src/pkg/logging/logging.go:75","msg":"log 初始化成功"}
{"level":"info","time":"2019-06-17T14:13:29.326+0800","caller":"F:/go/zebus/src/schedule.go:15","msg":"开始启动调度"}
{"level":"info","time":"2019-06-17T14:13:29.329+0800","caller":"F:/go/zebus/src/schedule.go:23","msg":"正在配置etcd"}
{"level":"info","time":"2019-06-17T14:13:32.770+0800","caller":"F:/go/zebus/src/pkg/logging/logging.go:75","msg":"log 初始化成功"}
{"level":"info","time":"2019-06-17T14:13:32.771+0800","caller":"F:/go/zebus/src/schedule.go:19","msg":"开始启动调度"}
{"level":"info","time":"2019-06-17T14:13:32.773+0800","caller":"F:/go/zebus/src/schedule.go:27","msg":"正在配置etcd"}
{"level":"info","time":"2019-06-17T14:13:32.798+0800","caller":"F:/go/zebus/src/WorkerMgr.go:50","msg":"info workermgr success"}
{"level":"info","time":"2019-06-17T14:13:32.803+0800","caller":"F:/go/zebus/src/schedule.go:38","msg":"启动etcd WorkerMgr 成功"}
{"level":"info","time":"2019-06-17T14:13:32.804+0800","caller":"F:/go/zebus/src/schedule.go:49","msg":"启动 websocket server"}
{"level":"info","time":"2019-06-17T14:13:58.770+0800","caller":"F:/go/zebus/src/pkg/logging/logging.go:75","msg":"log 初始化成功"}
{"level":"info","time":"2019-06-17T14:13:58.772+0800","caller":"F:/go/zebus/src/schedule.go:15","msg":"开始启动调度"}
{"level":"info","time":"2019-06-17T14:13:58.774+0800","caller":"F:/go/zebus/src/schedule.go:23","msg":"正在配置etcd"}
{"level":"info","time":"2019-06-17T14:14:18.454+0800","caller":"F:/go/zebus/src/pkg/logging/logging.go:75","msg":"log 初始化成功"}
{"level":"info","time":"2019-06-17T14:14:18.457+0800","caller":"F:/go/zebus/src/schedule.go:19","msg":"开始启动调度"}
{"level":"info","time":"2019-06-17T14:14:18.467+0800","caller":"F:/go/zebus/src/schedule.go:27","msg":"正在配置etcd"}
{"level":"info","time":"2019-06-17T14:14:18.526+0800","caller":"F:/go/zebus/src/WorkerMgr.go:50","msg":"info workermgr success"}
{"level":"info","time":"2019-06-17T14:14:18.535+0800","caller":"F:/go/zebus/src/schedule.go:38","msg":"启动etcd WorkerMgr 成功"}
{"level":"info","time":"2019-06-17T14:14:18.536+0800","caller":"F:/go/zebus/src/schedule.go:49","msg":"启动 websocket server"}
{"level":"info","time":"2019-06-17T14:14:26.871+0800","caller":"F:/go/zebus/src/pkg/logging/logging.go:75","msg":"log 初始化成功"}
{"level":"info","time":"2019-06-17T14:14:26.871+0800","caller":"F:/go/zebus/src/schedule.go:19","msg":"开始启动调度"}
{"level":"info","time":"2019-06-17T14:14:26.875+0800","caller":"F:/go/zebus/src/schedule.go:27","msg":"正在配置etcd"}
{"level":"info","time":"2019-06-17T14:14:26.932+0800","caller":"F:/go/zebus/src/WorkerMgr.go:50","msg":"info workermgr success"}
{"level":"info","time":"2019-06-17T14:14:26.945+0800","caller":"F:/go/zebus/src/schedule.go:38","msg":"启动etcd WorkerMgr 成功"}
{"level":"info","time":"2019-06-17T14:14:26.946+0800","caller":"F:/go/zebus/src/schedule.go:49","msg":"启动 websocket server"}
{"level":"info","time":"2019-06-17T14:15:09.598+0800","caller":"F:/go/zebus/src/pkg/logging/logging.go:75","msg":"log 初始化成功"}
{"level":"info","time":"2019-06-17T14:15:09.598+0800","caller":"F:/go/zebus/src/schedule.go:19","msg":"开始启动调度"}
{"level":"info","time":"2019-06-17T14:15:09.602+0800","caller":"F:/go/zebus/src/schedule.go:27","msg":"正在配置etcd"}
{"level":"info","time":"2019-06-17T14:15:09.635+0800","caller":"F:/go/zebus/src/WorkerMgr.go:50","msg":"info workermgr success"}
{"level":"info","time":"2019-06-17T14:15:09.641+0800","caller":"F:/go/zebus/src/schedule.go:38","msg":"启动etcd WorkerMgr 成功"}
{"level":"info","time":"2019-06-17T14:15:09.642+0800","caller":"F:/go/zebus/src/schedule.go:49","msg":"启动 websocket server:192.168.20.27:8181"}
{"level":"info","time":"2019-06-17T14:15:16.060+0800","caller":"F:/go/zebus/src/WorkerMgr.go:84","msg":"111111111111 putserverinfo/server/192.168.20.27"}
{"level":"info","time":"2019-06-17T14:15:16.066+0800","caller":"F:/go/zebus/src/hub.go:166","msg":"register:/zebus/192.168.20.27"}
{"level":"info","time":"2019-06-17T14:15:59.162+0800","caller":"F:/go/zebus/src/pkg/logging/logging.go:75","msg":"log 初始化成功"}
{"level":"info","time":"2019-06-17T14:15:59.162+0800","caller":"F:/go/zebus/src/schedule.go:19","msg":"开始启动调度"}
{"level":"info","time":"2019-06-17T14:15:59.165+0800","caller":"F:/go/zebus/src/schedule.go:27","msg":"正在配置etcd"}
{"level":"info","time":"2019-06-17T14:15:59.195+0800","caller":"F:/go/zebus/src/WorkerMgr.go:50","msg":"info workermgr success"}
{"level":"info","time":"2019-06-17T14:15:59.202+0800","caller":"F:/go/zebus/src/schedule.go:38","msg":"启动etcd WorkerMgr 成功"}
{"level":"info","time":"2019-06-17T14:15:59.202+0800","caller":"F:/go/zebus/src/schedule.go:49","msg":"启动 websocket server:192.168.20.27:8181"}
{"level":"info","time":"2019-06-17T14:15:59.593+0800","caller":"F:/go/zebus/src/WorkerMgr.go:84","msg":"111111111111 putserverinfo/server/192.168.20.27"}
{"level":"info","time":"2019-06-17T14:15:59.593+0800","caller":"F:/go/zebus/src/WorkerMgr.go:85","msg":"new daemon client up,up topic:/zebus/192.168.20.27"}
{"level":"info","time":"2019-06-17T14:15:59.602+0800","caller":"F:/go/zebus/src/hub.go:166","msg":"register:/zebus/192.168.20.27"}
{"level":"info","time":"2019-06-17T14:16:14.673+0800","caller":"F:/go/zebus/src/pkg/logging/logging.go:75","msg":"log 初始化成功"}
{"level":"info","time":"2019-06-17T14:16:14.673+0800","caller":"F:/go/zebus/src/schedule.go:19","msg":"开始启动调度"}
{"level":"info","time":"2019-06-17T14:16:14.676+0800","caller":"F:/go/zebus/src/schedule.go:27","msg":"正在配置etcd"}
{"level":"info","time":"2019-06-17T14:16:14.704+0800","caller":"F:/go/zebus/src/WorkerMgr.go:50","msg":"info workermgr success"}
{"level":"info","time":"2019-06-17T14:16:14.712+0800","caller":"F:/go/zebus/src/schedule.go:38","msg":"启动etcd WorkerMgr 成功"}
{"level":"info","time":"2019-06-17T14:16:14.713+0800","caller":"F:/go/zebus/src/schedule.go:49","msg":"启动 websocket server:192.168.20.27:8181"}
{"level":"info","time":"2019-06-17T14:16:15.310+0800","caller":"F:/go/zebus/src/WorkerMgr.go:84","msg":"new daemon client up,up topic:/zebus/192.168.20.27"}
{"level":"info","time":"2019-06-17T14:16:15.315+0800","caller":"F:/go/zebus/src/hub.go:166","msg":"register:/zebus/192.168.20.27"}
{"level":"info","time":"2019-06-17T14:16:56.919+0800","caller":"F:/go/zebus/src/pkg/logging/logging.go:75","msg":"log 初始化成功"}
{"level":"info","time":"2019-06-17T14:16:56.920+0800","caller":"F:/go/zebus/src/schedule.go:19","msg":"开始启动调度"}
{"level":"info","time":"2019-06-17T14:16:56.925+0800","caller":"F:/go/zebus/src/schedule.go:27","msg":"正在配置etcd"}
{"level":"info","time":"2019-06-17T14:16:56.963+0800","caller":"F:/go/zebus/src/WorkerMgr.go:50","msg":"info workermgr success"}
{"level":"info","time":"2019-06-17T14:16:56.969+0800","caller":"F:/go/zebus/src/schedule.go:38","msg":"启动etcd WorkerMgr 成功"}
{"level":"info","time":"2019-06-17T14:16:56.978+0800","caller":"F:/go/zebus/src/schedule.go:49","msg":"启动 websocket server:192.168.20.27:8181"}
{"level":"info","time":"2019-06-17T14:16:57.298+0800","caller":"F:/go/zebus/src/WorkerMgr.go:84","msg":"new daemon client up,up topic:/zebus/192.168.20.27"}
{"level":"info","time":"2019-06-17T14:16:57.303+0800","caller":"F:/go/zebus/src/hub.go:166","msg":"register:/zebus/192.168.20.27"}
{"level":"error","time":"2019-06-17T14:18:10.178+0800","caller":"F:/go/zebus/src/client.go:235","msg":"接收失败:read tcp 192.168.20.27:8181->192.168.20.27:9496: use of closed network connection","stacktrace":"main.(*Client).readPump\n\tF:/go/zebus/src/client.go:235"}
{"level":"info","time":"2019-06-17T14:18:10.179+0800","caller":"F:/go/zebus/src/hub.go:170","msg":"unregister "}
{"level":"info","time":"2019-06-17T14:18:20.843+0800","caller":"F:/go/zebus/src/hub.go:166","msg":"register:test"}
{"level":"info","time":"2019-06-17T14:23:12.304+0800","caller":"F:/go/zebus/src/pkg/logging/logging.go:75","msg":"log 初始化成功"}
{"level":"info","time":"2019-06-17T14:23:12.305+0800","caller":"F:/go/zebus/src/schedule.go:19","msg":"开始启动调度"}
{"level":"info","time":"2019-06-17T14:23:12.308+0800","caller":"F:/go/zebus/src/schedule.go:27","msg":"正在配置etcd"}
{"level":"info","time":"2019-06-17T14:23:12.341+0800","caller":"F:/go/zebus/src/WorkerMgr.go:50","msg":"info workermgr success"}
{"level":"info","time":"2019-06-17T14:23:12.348+0800","caller":"F:/go/zebus/src/schedule.go:38","msg":"启动etcd WorkerMgr 成功"}
{"level":"info","time":"2019-06-17T14:23:12.355+0800","caller":"F:/go/zebus/src/schedule.go:49","msg":"启动 websocket server:192.168.20.27:8181"}
{"level":"info","time":"2019-06-17T14:23:12.569+0800","caller":"F:/go/zebus/src/client.go:237","msg":"{\"SocketName\":\"/Daemon\",\"SocketType\":\"Daemon\",\"messageType\":\"RegisterToDaemon\"}\n","type":"message"}
{"level":"info","time":"2019-06-17T14:23:12.569+0800","caller":"F:/go/zebus/src/WorkerMgr.go:84","msg":"new daemon client up,up topic:/zebus/192.168.20.27"}
{"level":"info","time":"2019-06-17T14:23:12.575+0800","caller":"F:/go/zebus/src/hub.go:166","msg":"register:/zebus/192.168.20.27"}
{"level":"error","time":"2019-06-17T14:23:41.526+0800","caller":"F:/go/zebus/src/client.go:234","msg":"接收失败:read tcp 192.168.20.27:8181->192.168.20.27:9598: use of closed network connection","stacktrace":"main.(*Client).readPump\n\tF:/go/zebus/src/client.go:234"}
{"level":"info","time":"2019-06-17T14:23:41.528+0800","caller":"F:/go/zebus/src/hub.go:170","msg":"unregister "}
{"level":"info","time":"2019-06-17T14:23:51.050+0800","caller":"F:/go/zebus/src/client.go:237","msg":"{\n    \"messageType\": \"RegisterToDaemon\",\n    \"SocketName\": \"/test\",\n    \"SocketType\": \"Controller\"\n}","type":"message"}
{"level":"info","time":"2019-06-17T14:23:51.051+0800","caller":"F:/go/zebus/src/hub.go:166","msg":"register:test"}
{"level":"error","time":"2019-06-17T17:37:24.680+0800","caller":"F:/go/zebus/src/client.go:234","msg":"接收失败:read tcp 192.168.20.27:8181->192.168.20.27:9600: wsarecv: An existing connection was forcibly closed by the remote host.","stacktrace":"main.(*Client).readPump\n\tF:/go/zebus/src/client.go:234"}
{"level":"info","time":"2019-06-17T17:37:24.838+0800","caller":"F:/go/zebus/src/hub.go:170","msg":"unregister test"}
